#
# A fatal error has been detected by the Java Runtime Environment:
#
#  SIGSEGV (0xb) at pc=0x00007f64a579cdfc, pid=5479, tid=0x00007f645cbda700
#
# JRE version: Java(TM) SE Runtime Environment (8.0_191-b12) (build 1.8.0_191-b12)
# Java VM: Java HotSpot(TM) 64-Bit Server VM (25.191-b12 mixed mode linux-amd64 compressed oops)
# Problematic frame:
# J 2442 C1 java.awt.AWTEvent.<init>(Ljava/lang/Object;I)V (81 bytes) @ 0x00007f64a579cdfc [0x00007f64a579cc20+0x1dc]
#
# Failed to write core dump. Core dumps have been disabled. To enable core dumping, try "ulimit -c unlimited" before starting Java again
#
# If you would like to submit a bug report, please visit:
#   http://bugreport.java.com/bugreport/crash.jsp
#

---------------  T H R E A D  ---------------

Current thread (0x00007f64b44ae000):  JavaThread "AWT-EventQueue-0" [_thread_in_Java, id=5500, stack(0x00007f645cada000,0x00007f645cbdb000)]

siginfo: si_signo: 11 (SIGSEGV), si_code: 1 (SEGV_MAPERR), si_addr: 0x00007e64548df320

Registers:
RAX=0x00000000d7536c28, RBX=0x00007f64974d5538, RCX=0x00007f64b4085500, RDX=0x00007e64548df208
RSP=0x00007f645cbd6ef0, RBP=0x00007f645cbd6fe8, RSI=0x0000000000000118, RDI=0x00007f64b44ae000
R8 =0x0000000000000000, R9 =0x0000000000000001, R10=0x0000000000000000, R11=0x0000000000000004
R12=0x0000000000000000, R13=0x00007f645cbd6f90, R14=0x00007f645cbd6ed0, R15=0x00007f64b44ae000
RIP=0x00007f64a579cdfc, EFLAGS=0x0000000000010206, CSGSFS=0x002b000000000033, ERR=0x0000000000000004
  TRAPNO=0x000000000000000e

Top of Stack: (sp=0x00007f645cbd6ef0)
0x00007f645cbd6ef0:   00007f645cbd7298 0000000083798320
0x00007f645cbd6f00:   000000008484b9f0 00007f648484ba28
0x00007f645cbd6f10:   0000000000000011 000000008481d038
0x00007f645cbd6f20:   000000008484b9f0 00007f64a527c590
0x00007f645cbd6f30:   0000000000000001 0000000083601b10
0x00007f645cbd6f40:   0000000000000000 00007f64a563ae84
0x00007f645cbd6f50:   00000000d7536bd0 00007f64000004b0
0x00007f645cbd6f60:   0000000000000000 00000000000005d8
0x00007f645cbd6f70:   00007f645cbd6fe8 00007f64a50082bd
0x00007f645cbd6f80:   00000001002484e8 00007f64a50082bd
0x00007f645cbd6f90:   00000000000004b0 000000008485b180
0x00007f645cbd6fa0:   00000000d7536bd0 00007f645cbd6fa8
0x00007f645cbd6fb0:   00007f6497b7886b 00007f645cbd7028
0x00007f645cbd6fc0:   00007f6497b78fd0 00007f64351030f8
0x00007f645cbd6fd0:   00007f6497b788b8 00007f645cbd6f90
0x00007f645cbd6fe0:   00007f645cbd7030 00007f645cbd76c0
0x00007f645cbd6ff0:   00007f64a5766e7c 0000000000000000
0x00007f645cbd7000:   0000000000000000 0000000000000000
0x00007f645cbd7010:   000000008481e198 00007f64000004b0
0x00007f645cbd7020:   000000008485b180 00000000d7536bd0
0x00007f645cbd7030:   00007f6400000000 00007f64a55563d4
0x00007f645cbd7040:   0000000000000000 00007f64a56c5004
0x00007f645cbd7050:   0000000084889118 00000000d7536b90
0x00007f645cbd7060:   00007f645cbd76c0 00007f64a57631c4
0x00007f645cbd7070:   00000000837918e8 00000000837918e8
0x00007f645cbd7080:   00007f645cbd76c0 00007f64a5623f04
0x00007f645cbd7090:   00000000848567b0 000000008484d9a0
0x00007f645cbd70a0:   000000008484b9f0 000000008481d5a0
0x00007f645cbd70b0:   00000000d7536bd0 000000008481e1f0
0x00007f645cbd70c0:   000000008481d9f0 000000008481e170
0x00007f645cbd70d0:   00000000d7536bb0 0000000000000011
0x00007f645cbd70e0:   000000008481d318 00000000d7536050 

Instructions: (pc=0x00007f64a579cdfc)
0x00007f64a579cddc:   8d 54 64 7e 00 00 48 be 18 01 00 00 00 00 00 00
0x00007f64a579cdec:   0f 85 0a 00 00 00 48 be 28 01 00 00 00 00 00 00
0x00007f64a579cdfc:   48 8b 3c 32 48 8d 7f 01 48 89 3c 32 0f 85 e4 00
0x00007f64a579ce0c:   00 00 48 ba 78 3a 00 00 01 00 00 00 49 8b 47 60 

Register to memory mapping:

RAX=0x00000000d7536c28 is an oop
java.security.AccessControlContext 
 - klass: 'java/security/AccessControlContext'
RBX={method} {0x00007f64974d5538} 'getStackAccessControlContext' '()Ljava/security/AccessControlContext;' in 'java/security/AccessController'
RCX=0x00007f64b4085500 is an unknown value
RDX=0x00007e64548df208 is an unknown value
RSP=0x00007f645cbd6ef0 is pointing into the stack for thread: 0x00007f64b44ae000
RBP=0x00007f645cbd6fe8 is pointing into the stack for thread: 0x00007f64b44ae000
RSI=0x0000000000000118 is an unknown value
RDI=0x00007f64b44ae000 is a thread
R8 =0x0000000000000000 is an unknown value
R9 =0x0000000000000001 is an unknown value
R10=0x0000000000000000 is an unknown value
R11=0x0000000000000004 is an unknown value
R12=0x0000000000000000 is an unknown value
R13=0x00007f645cbd6f90 is pointing into the stack for thread: 0x00007f64b44ae000
R14=0x00007f645cbd6ed0 is pointing into the stack for thread: 0x00007f64b44ae000
R15=0x00007f64b44ae000 is a thread


Stack: [0x00007f645cada000,0x00007f645cbdb000],  sp=0x00007f645cbd6ef0,  free space=1011k
Native frames: (J=compiled Java code, j=interpreted, Vv=VM code, C=native code)
J 2442 C1 java.awt.AWTEvent.<init>(Ljava/lang/Object;I)V (81 bytes) @ 0x00007f64a579cdfc [0x00007f64a579cc20+0x1dc]
j  java.awt.event.InvocationEvent.<init>(Ljava/lang/Object;ILjava/lang/Runnable;Ljava/lang/Object;Ljava/lang/Runnable;Z)V+3
J 2401 C1 javax.swing.RepaintManager.scheduleProcessingRunnable(Lsun/awt/AppContext;)V (69 bytes) @ 0x00007f64a5766e7c [0x00007f64a5766260+0xc1c]
J 1585 C1 javax.swing.RepaintManager.addDirtyRegion0(Ljava/awt/Container;IIII)V (205 bytes) @ 0x00007f64a554fbf4 [0x00007f64a554e620+0x15d4]
J 506 C1 javax.swing.RepaintManager.addDirtyRegion(Ljavax/swing/JComponent;IIII)V (37 bytes) @ 0x00007f64a52200d4 [0x00007f64a521fee0+0x1f4]
J 2105 C1 View.Cadastro$69.getTableCellRendererComponent(Ljavax/swing/JTable;Ljava/lang/Object;ZZII)Ljava/awt/Component; (62 bytes) @ 0x00007f64a56ae634 [0x00007f64a56ada40+0xbf4]
J 2101 C1 javax.swing.JTable.prepareRenderer(Ljavax/swing/table/TableCellRenderer;II)Ljava/awt/Component; (114 bytes) @ 0x00007f64a5698b9c [0x00007f64a5697c60+0xf3c]
J 2097 C1 javax.swing.plaf.synth.SynthTableUI.paintCell(Ljavax/swing/plaf/synth/SynthContext;Ljava/awt/Graphics;Ljava/awt/Rectangle;II)V (182 bytes) @ 0x00007f64a569134c [0x00007f64a56910c0+0x28c]
J 2283 C1 javax.swing.plaf.synth.SynthTableUI.paintCells(Ljavax/swing/plaf/synth/SynthContext;Ljava/awt/Graphics;IIII)V (349 bytes) @ 0x00007f64a570dadc [0x00007f64a570d360+0x77c]
j  javax.swing.plaf.synth.SynthTableUI.paint(Ljavax/swing/plaf/synth/SynthContext;Ljava/awt/Graphics;)V+238
j  javax.swing.plaf.synth.SynthTableUI.update(Ljava/awt/Graphics;Ljavax/swing/JComponent;)V+33
J 1987 C1 javax.swing.JComponent.paintComponent(Ljava/awt/Graphics;)V (44 bytes) @ 0x00007f64a563d36c [0x00007f64a563d100+0x26c]
J 2018 C1 javax.swing.JComponent.paint(Ljava/awt/Graphics;)V (409 bytes) @ 0x00007f64a56648bc [0x00007f64a5663040+0x187c]
j  javax.swing.JComponent.paintToOffscreen(Ljava/awt/Graphics;IIIIII)V+41
j  javax.swing.BufferStrategyPaintManager.paint(Ljavax/swing/JComponent;Ljavax/swing/JComponent;Ljava/awt/Graphics;IIII)Z+164
j  javax.swing.RepaintManager.paint(Ljavax/swing/JComponent;Ljavax/swing/JComponent;Ljava/awt/Graphics;IIII)V+51
j  javax.swing.JComponent._paintImmediately(IIII)V+683
J 2438 C1 javax.swing.JComponent.paintImmediately(IIII)V (155 bytes) @ 0x00007f64a578f854 [0x00007f64a578ea40+0xe14]
j  javax.swing.RepaintManager$4.run()Ljava/lang/Void;+81
J 2427 C1 javax.swing.RepaintManager$4.run()Ljava/lang/Object; (5 bytes) @ 0x00007f64a5788dcc [0x00007f64a5788d40+0x8c]
v  ~StubRoutines::call_stub
V  [libjvm.so+0x6852db]  JavaCalls::call_helper(JavaValue*, methodHandle*, JavaCallArguments*, Thread*)+0xddb
V  [libjvm.so+0x6fd1a4]  JVM_DoPrivileged+0x4f4
J 1481  java.security.AccessController.doPrivileged(Ljava/security/PrivilegedAction;Ljava/security/AccessControlContext;)Ljava/lang/Object; (0 bytes) @ 0x00007f64a54e7315 [0x00007f64a54e7240+0xd5]
J 2247 C1 java.security.ProtectionDomain$JavaSecurityAccessImpl.doIntersectionPrivilege(Ljava/security/PrivilegedAction;Ljava/security/AccessControlContext;Ljava/security/AccessControlContext;)Ljava/lang/Object; (22 bytes) @ 0x00007f64a56ed4c4 [0x00007f64a56ed060+0x464]
j  javax.swing.RepaintManager.paintDirtyRegions(Ljava/util/Map;)V+154
j  javax.swing.RepaintManager.paintDirtyRegions()V+46
j  javax.swing.RepaintManager.prePaintDirtyRegions()V+73
j  javax.swing.RepaintManager.access$1200(Ljavax/swing/RepaintManager;)V+1
j  javax.swing.RepaintManager$ProcessingRunnable.run()V+37
J 2420 C1 java.awt.event.InvocationEvent.dispatch()V (69 bytes) @ 0x00007f64a57789d4 [0x00007f64a57787c0+0x214]
j  java.awt.EventQueue.dispatchEventImpl(Ljava/awt/AWTEvent;Ljava/lang/Object;)V+21
j  java.awt.EventQueue.access$500(Ljava/awt/EventQueue;Ljava/awt/AWTEvent;Ljava/lang/Object;)V+3
j  java.awt.EventQueue$3.run()Ljava/lang/Void;+32
j  java.awt.EventQueue$3.run()Ljava/lang/Object;+1
v  ~StubRoutines::call_stub
V  [libjvm.so+0x6852db]  JavaCalls::call_helper(JavaValue*, methodHandle*, JavaCallArguments*, Thread*)+0xddb
V  [libjvm.so+0x6fd1a4]  JVM_DoPrivileged+0x4f4
J 1481  java.security.AccessController.doPrivileged(Ljava/security/PrivilegedAction;Ljava/security/AccessControlContext;)Ljava/lang/Object; (0 bytes) @ 0x00007f64a54e7315 [0x00007f64a54e7240+0xd5]
J 2247 C1 java.security.ProtectionDomain$JavaSecurityAccessImpl.doIntersectionPrivilege(Ljava/security/PrivilegedAction;Ljava/security/AccessControlContext;Ljava/security/AccessControlContext;)Ljava/lang/Object; (22 bytes) @ 0x00007f64a56ed4c4 [0x00007f64a56ed060+0x464]
j  java.awt.EventQueue.dispatchEvent(Ljava/awt/AWTEvent;)V+46
j  java.awt.EventDispatchThread.pumpOneEventForFilters(I)V+140
j  java.awt.EventDispatchThread.pumpEventsForFilter(ILjava/awt/Conditional;Ljava/awt/EventFilter;)V+35
j  java.awt.EventDispatchThread.pumpEventsForHierarchy(ILjava/awt/Conditional;Ljava/awt/Component;)V+11
j  java.awt.EventDispatchThread.pumpEvents(ILjava/awt/Conditional;)V+4
j  java.awt.EventDispatchThread.pumpEvents(Ljava/awt/Conditional;)V+3
j  java.awt.EventDispatchThread.run()V+9
v  ~StubRoutines::call_stub
V  [libjvm.so+0x6852db]  JavaCalls::call_helper(JavaValue*, methodHandle*, JavaCallArguments*, Thread*)+0xddb
V  [libjvm.so+0x682ba3]  JavaCalls::call_virtual(JavaValue*, KlassHandle, Symbol*, Symbol*, JavaCallArguments*, Thread*)+0x263
V  [libjvm.so+0x683167]  JavaCalls::call_virtual(JavaValue*, Handle, KlassHandle, Symbol*, Symbol*, Thread*)+0x47
V  [libjvm.so+0x6ef0ec]  thread_entry(JavaThread*, Thread*)+0x6c
V  [libjvm.so+0xa76f9b]  JavaThread::thread_main_inner()+0xdb
V  [libjvm.so+0xa7722f]  JavaThread::run()+0x25f
V  [libjvm.so+0x909c92]  java_start(Thread*)+0x102
C  [libpthread.so.0+0x76db]  start_thread+0xdb


---------------  P R O C E S S  ---------------

Java Threads: ( => current thread )
  0x00007f6448463800 JavaThread "webcam-discovery-service" daemon [_thread_blocked, id=5508, stack(0x00007f645495a000,0x00007f6454a5b000)]
  0x00007f643800f800 JavaThread "atomic-processor-1" daemon [_thread_blocked, id=5507, stack(0x00007f6454659000,0x00007f645475a000)]
  0x00007f6448123000 JavaThread "Abandoned connection cleanup thread" daemon [_thread_blocked, id=5504, stack(0x00007f6454c65000,0x00007f6454d66000)]
  0x00007f6448112800 JavaThread "Image Fetcher 0" daemon [_thread_blocked, id=5503, stack(0x00007f645c265000,0x00007f645c366000)]
  0x00007f64480f7800 JavaThread "TimerQueue" daemon [_thread_blocked, id=5502, stack(0x00007f645c366000,0x00007f645c467000)]
  0x00007f64b400b800 JavaThread "DestroyJavaVM" [_thread_blocked, id=5483, stack(0x00007f64bafb0000,0x00007f64bb0b0000)]
=>0x00007f64b44ae000 JavaThread "AWT-EventQueue-0" [_thread_in_Java, id=5500, stack(0x00007f645cada000,0x00007f645cbdb000)]
  0x00007f64b44ad000 JavaThread "AWT-Shutdown" [_thread_blocked, id=5499, stack(0x00007f645cbdb000,0x00007f645ccdc000)]
  0x00007f64b42ee000 JavaThread "AWT-XAWT" daemon [_thread_in_native, id=5498, stack(0x00007f6467575000,0x00007f6467676000)]
  0x00007f64b42d0800 JavaThread "Java2D Disposer" daemon [_thread_blocked, id=5497, stack(0x00007f6467a86000,0x00007f6467b87000)]
  0x00007f64b40dc000 JavaThread "Service Thread" daemon [_thread_blocked, id=5495, stack(0x00007f6495a4d000,0x00007f6495b4e000)]
  0x00007f64b40bf000 JavaThread "C1 CompilerThread2" daemon [_thread_in_native, id=5494, stack(0x00007f6495b4f000,0x00007f6495c4f000)]
  0x00007f64b40bd000 JavaThread "C2 CompilerThread1" daemon [_thread_in_native, id=5493, stack(0x00007f6495c50000,0x00007f6495d50000)]
  0x00007f64b40ba000 JavaThread "C2 CompilerThread0" daemon [_thread_in_native, id=5492, stack(0x00007f6495d51000,0x00007f6495e51000)]
  0x00007f64b40b8800 JavaThread "Signal Dispatcher" daemon [_thread_blocked, id=5491, stack(0x00007f6495e51000,0x00007f6495f52000)]
  0x00007f64b4085800 JavaThread "Finalizer" daemon [_thread_blocked, id=5490, stack(0x00007f6496231000,0x00007f6496332000)]
  0x00007f64b4083000 JavaThread "Reference Handler" daemon [_thread_blocked, id=5489, stack(0x00007f6496332000,0x00007f6496433000)]

Other Threads:
  0x00007f64b4079800 VMThread [stack: 0x00007f6496434000,0x00007f6496534000] [id=5488]
  0x00007f64b40e9000 WatcherThread [stack: 0x00007f649594d000,0x00007f6495a4d000] [id=5496]

VM state:not at safepoint (normal execution)

VM Mutex/Monitor currently owned by a thread: None

Heap:
 PSYoungGen      total 37888K, used 14086K [0x00000000d6780000, 0x00000000db180000, 0x0000000100000000)
  eden space 32768K, 42% used [0x00000000d6780000,0x00000000d75419a8,0x00000000d8780000)
  from space 5120K, 0% used [0x00000000dac80000,0x00000000dac80000,0x00000000db180000)
  to   space 5120K, 0% used [0x00000000d8780000,0x00000000d8780000,0x00000000d8c80000)
 ParOldGen       total 113152K, used 23554K [0x0000000083600000, 0x000000008a480000, 0x00000000d6780000)
  object space 113152K, 20% used [0x0000000083600000,0x0000000084d00bd0,0x000000008a480000)
 Metaspace       used 21043K, capacity 21262K, committed 21552K, reserved 1069056K
  class space    used 2501K, capacity 2583K, committed 2688K, reserved 1048576K

Card table byte_map: [0x00007f64a485a000,0x00007f64a4c40000] byte_map_base: 0x00007f64a443f000

Marking Bits: (ParMarkBitMap*) 0x00007f64ba45cd40
 Begin Bits: [0x00007f649c1b0000, 0x00007f649e0d8000)
 End Bits:   [0x00007f649e0d8000, 0x00007f64a0000000)

Polling page: 0x00007f64bb0ca000

CodeCache: size=245760Kb used=7772Kb max_used=7772Kb free=237987Kb
 bounds [0x00007f64a5000000, 0x00007f64a57a0000, 0x00007f64b4000000]
 total_blobs=3104 nmethods=2431 adapters=586
 compilation: enabled

Compilation events (10 events):
Event: 5,644 Thread 0x00007f64b40bf000 nmethod 2438 0x00007f64a578e790 code [0x00007f64a578ea40, 0x00007f64a578ff48]
Event: 5,644 Thread 0x00007f64b40bf000 2440   !   3       javax.swing.JComponent::_paintImmediately (891 bytes)
Event: 5,652 Thread 0x00007f64b40bf000 nmethod 2440 0x00007f64a5790750 code [0x00007f64a5790e80, 0x00007f64a5796b08]
Event: 5,653 Thread 0x00007f64b40bf000 2439       3       javax.swing.SwingUtilities::getPaintingOrigin (33 bytes)
Event: 5,653 Thread 0x00007f64b40bf000 nmethod 2439 0x00007f64a579b510 code [0x00007f64a579b6c0, 0x00007f64a579bc58]
Event: 5,653 Thread 0x00007f64b40bf000 2443       3       java.awt.Container::isRecursivelyVisibleUpToHeavyweightContainer (41 bytes)
Event: 5,654 Thread 0x00007f64b40bf000 nmethod 2443 0x00007f64a579bdd0 code [0x00007f64a579bfa0, 0x00007f64a579c8d8]
Event: 5,654 Thread 0x00007f64b40bf000 2442       3       java.awt.AWTEvent::<init> (81 bytes)
Event: 5,654 Thread 0x00007f64b40bf000 nmethod 2442 0x00007f64a579ca50 code [0x00007f64a579cc20, 0x00007f64a579d268]
Event: 5,654 Thread 0x00007f64b40bf000 2441       3       javax.swing.plaf.synth.SynthTableUI::paintDropLines (265 bytes)

GC Heap History (6 events):
Event: 1,340 GC heap before
{Heap before GC invocations=1 (full 0):
 PSYoungGen      total 37888K, used 32768K [0x00000000d6780000, 0x00000000d9180000, 0x0000000100000000)
  eden space 32768K, 100% used [0x00000000d6780000,0x00000000d8780000,0x00000000d8780000)
  from space 5120K, 0% used [0x00000000d8c80000,0x00000000d8c80000,0x00000000d9180000)
  to   space 5120K, 0% used [0x00000000d8780000,0x00000000d8780000,0x00000000d8c80000)
 ParOldGen       total 86016K, used 0K [0x0000000083600000, 0x0000000088a00000, 0x00000000d6780000)
  object space 86016K, 0% used [0x0000000083600000,0x0000000083600000,0x0000000088a00000)
 Metaspace       used 17031K, capacity 17298K, committed 17536K, reserved 1064960K
  class space    used 2057K, capacity 2159K, committed 2176K, reserved 1048576K
Event: 1,355 GC heap after
Heap after GC invocations=1 (full 0):
 PSYoungGen      total 37888K, used 5096K [0x00000000d6780000, 0x00000000db180000, 0x0000000100000000)
  eden space 32768K, 0% used [0x00000000d6780000,0x00000000d6780000,0x00000000d8780000)
  from space 5120K, 99% used [0x00000000d8780000,0x00000000d8c7a1d8,0x00000000d8c80000)
  to   space 5120K, 0% used [0x00000000dac80000,0x00000000dac80000,0x00000000db180000)
 ParOldGen       total 86016K, used 894K [0x0000000083600000, 0x0000000088a00000, 0x00000000d6780000)
  object space 86016K, 1% used [0x0000000083600000,0x00000000836dfa20,0x0000000088a00000)
 Metaspace       used 17031K, capacity 17298K, committed 17536K, reserved 1064960K
  class space    used 2057K, capacity 2159K, committed 2176K, reserved 1048576K
}
Event: 5,111 GC heap before
{Heap before GC invocations=2 (full 0):
 PSYoungGen      total 37888K, used 33473K [0x00000000d6780000, 0x00000000db180000, 0x0000000100000000)
  eden space 32768K, 86% used [0x00000000d6780000,0x00000000d8336308,0x00000000d8780000)
  from space 5120K, 99% used [0x00000000d8780000,0x00000000d8c7a1d8,0x00000000d8c80000)
  to   space 5120K, 0% used [0x00000000dac80000,0x00000000dac80000,0x00000000db180000)
 ParOldGen       total 86016K, used 894K [0x0000000083600000, 0x0000000088a00000, 0x00000000d6780000)
  object space 86016K, 1% used [0x0000000083600000,0x00000000836dfa20,0x0000000088a00000)
 Metaspace       used 20798K, capacity 21006K, committed 21296K, reserved 1069056K
  class space    used 2500K, capacity 2583K, committed 2688K, reserved 1048576K
Event: 5,130 GC heap after
Heap after GC invocations=2 (full 0):
 PSYoungGen      total 37888K, used 5118K [0x00000000d6780000, 0x00000000db180000, 0x0000000100000000)
  eden space 32768K, 0% used [0x00000000d6780000,0x00000000d6780000,0x00000000d8780000)
  from space 5120K, 99% used [0x00000000dac80000,0x00000000db17f968,0x00000000db180000)
  to   space 5120K, 0% used [0x00000000d8780000,0x00000000d8780000,0x00000000d8c80000)
 ParOldGen       total 86016K, used 30610K [0x0000000083600000, 0x0000000088a00000, 0x00000000d6780000)
  object space 86016K, 35% used [0x0000000083600000,0x00000000853e4998,0x0000000088a00000)
 Metaspace       used 20798K, capacity 21006K, committed 21296K, reserved 1069056K
  class space    used 2500K, capacity 2583K, committed 2688K, reserved 1048576K
}
Event: 5,130 GC heap before
{Heap before GC invocations=3 (full 1):
 PSYoungGen      total 37888K, used 5118K [0x00000000d6780000, 0x00000000db180000, 0x0000000100000000)
  eden space 32768K, 0% used [0x00000000d6780000,0x00000000d6780000,0x00000000d8780000)
  from space 5120K, 99% used [0x00000000dac80000,0x00000000db17f968,0x00000000db180000)
  to   space 5120K, 0% used [0x00000000d8780000,0x00000000d8780000,0x00000000d8c80000)
 ParOldGen       total 86016K, used 30610K [0x0000000083600000, 0x0000000088a00000, 0x00000000d6780000)
  object space 86016K, 35% used [0x0000000083600000,0x00000000853e4998,0x0000000088a00000)
 Metaspace       used 20798K, capacity 21006K, committed 21296K, reserved 1069056K
  class space    used 2500K, capacity 2583K, committed 2688K, reserved 1048576K
Event: 5,190 GC heap after
Heap after GC invocations=3 (full 1):
 PSYoungGen      total 37888K, used 0K [0x00000000d6780000, 0x00000000db180000, 0x0000000100000000)
  eden space 32768K, 0% used [0x00000000d6780000,0x00000000d6780000,0x00000000d8780000)
  from space 5120K, 0% used [0x00000000dac80000,0x00000000dac80000,0x00000000db180000)
  to   space 5120K, 0% used [0x00000000d8780000,0x00000000d8780000,0x00000000d8c80000)
 ParOldGen       total 113152K, used 23554K [0x0000000083600000, 0x000000008a480000, 0x00000000d6780000)
  object space 113152K, 20% used [0x0000000083600000,0x0000000084d00bd0,0x000000008a480000)
 Metaspace       used 20798K, capacity 21006K, committed 21296K, reserved 1069056K
  class space    used 2500K, capacity 2583K, committed 2688K, reserved 1048576K
}

Deoptimization events (10 events):
Event: 1,222 Thread 0x00007f64b44ae000 Uncommon trap: reason=unstable_if action=reinterpret pc=0x00007f64a53c7574 method=java.nio.charset.CoderResult.isUnderflow()Z @ 4
Event: 1,261 Thread 0x00007f643800f800 Uncommon trap: reason=unstable_if action=reinterpret pc=0x00007f64a533f294 method=java.lang.String.indexOf([CII[CIII)I @ 3
Event: 1,277 Thread 0x00007f643800f800 Uncommon trap: reason=unstable_if action=reinterpret pc=0x00007f64a52e3f04 method=java.io.UnixFileSystem.normalize(Ljava/lang/String;)Ljava/lang/String; @ 60
Event: 1,287 Thread 0x00007f643800f800 Uncommon trap: reason=unstable_if action=reinterpret pc=0x00007f64a5222258 method=java.util.HashMap.getNode(ILjava/lang/Object;)Ljava/util/HashMap$Node; @ 62
Event: 1,287 Thread 0x00007f643800f800 Uncommon trap: reason=unstable_if action=reinterpret pc=0x00007f64a532c6e4 method=java.util.HashMap.putVal(ILjava/lang/Object;Ljava/lang/Object;ZZ)Ljava/lang/Object; @ 94
Event: 1,287 Thread 0x00007f643800f800 Uncommon trap: reason=unstable_if action=reinterpret pc=0x00007f64a521cf90 method=java.util.HashMap.getNode(ILjava/lang/Object;)Ljava/util/HashMap$Node; @ 62
Event: 1,287 Thread 0x00007f643800f800 Uncommon trap: reason=unstable_if action=reinterpret pc=0x00007f64a52b4bd8 method=java.util.HashMap.putVal(ILjava/lang/Object;Ljava/lang/Object;ZZ)Ljava/lang/Object; @ 94
Event: 1,405 Thread 0x00007f643800f800 Uncommon trap: reason=predicate action=maybe_recompile pc=0x00007f64a544a5b4 method=java.util.regex.Pattern$Slice.match(Ljava/util/regex/Matcher;ILjava/lang/CharSequence;)Z @ 21
Event: 1,443 Thread 0x00007f643800f800 Uncommon trap: reason=unstable_if action=reinterpret pc=0x00007f64a5452528 method=java.util.regex.Pattern$Slice.match(Ljava/util/regex/Matcher;ILjava/lang/CharSequence;)Z @ 18
Event: 1,499 Thread 0x00007f64b44ae000 Uncommon trap: reason=unstable_if action=reinterpret pc=0x00007f64a54335d4 method=java.lang.ref.SoftReference.get()Ljava/lang/Object; @ 17

Classes redefined (0 events):
No events

Internal exceptions (10 events):
Event: 1,450 Thread 0x00007f643800f800 Exception <a 'java/lang/ArrayIndexOutOfBoundsException'> (0x00000000d6af1c80) thrown at [/HUDSON/workspace/8-2-build-linux-amd64/jdk8u191/11894/hotspot/src/share/vm/runtime/sharedRuntime.cpp, line 605]
Event: 1,450 Thread 0x00007f643800f800 Exception <a 'java/lang/ArrayIndexOutOfBoundsException'> (0x00000000d6af26a0) thrown at [/HUDSON/workspace/8-2-build-linux-amd64/jdk8u191/11894/hotspot/src/share/vm/runtime/sharedRuntime.cpp, line 605]
Event: 1,450 Thread 0x00007f643800f800 Exception <a 'java/lang/ArrayIndexOutOfBoundsException'> (0x00000000d6af34c8) thrown at [/HUDSON/workspace/8-2-build-linux-amd64/jdk8u191/11894/hotspot/src/share/vm/runtime/sharedRuntime.cpp, line 605]
Event: 1,451 Thread 0x00007f643800f800 Exception <a 'java/lang/ArrayIndexOutOfBoundsException'> (0x00000000d6af3f88) thrown at [/HUDSON/workspace/8-2-build-linux-amd64/jdk8u191/11894/hotspot/src/share/vm/runtime/sharedRuntime.cpp, line 605]
Event: 1,452 Thread 0x00007f643800f800 Exception <a 'java/lang/ArrayIndexOutOfBoundsException'> (0x00000000d6af9760) thrown at [/HUDSON/workspace/8-2-build-linux-amd64/jdk8u191/11894/hotspot/src/share/vm/runtime/sharedRuntime.cpp, line 605]
Event: 1,452 Thread 0x00007f643800f800 Exception <a 'java/lang/NoSuchMethodError': getNumDevices> (0x00000000d6afcad8) thrown at [/HUDSON/workspace/8-2-build-linux-amd64/jdk8u191/11894/hotspot/src/share/vm/prims/jni.cpp, line 1613]
Event: 1,452 Thread 0x00007f643800f800 Exception <a 'java/lang/NoSuchMethodError': getDevice> (0x00000000d6afcd38) thrown at [/HUDSON/workspace/8-2-build-linux-amd64/jdk8u191/11894/hotspot/src/share/vm/prims/jni.cpp, line 1613]
Event: 1,458 Thread 0x00007f64b44ae000 Exception <a 'java/lang/NullPointerException'> (0x00000000d6b7f188) thrown at [/HUDSON/workspace/8-2-build-linux-amd64/jdk8u191/11894/hotspot/src/share/vm/interpreter/linkResolver.cpp, line 1185]
Event: 1,851 Thread 0x00007f64b44ae000 Exception <a 'java/lang/UnsupportedOperationException': > (0x00000000d6c73448) thrown at [/HUDSON/workspace/8-2-build-linux-amd64/jdk8u191/11894/hotspot/src/share/vm/prims/jni.cpp, line 735]
Event: 4,971 Thread 0x00007f64b44ae000 Exception <a 'java/lang/UnsupportedOperationException': > (0x00000000d74129d0) thrown at [/HUDSON/workspace/8-2-build-linux-amd64/jdk8u191/11894/hotspot/src/share/vm/prims/jni.cpp, line 735]

Events (10 events):
Event: 4,458 Executing VM operation: Deoptimize
Event: 4,458 Executing VM operation: Deoptimize done
Event: 5,110 Executing VM operation: CollectForMetadataAllocation
Event: 5,190 Executing VM operation: CollectForMetadataAllocation done
Event: 5,210 loading class sun/awt/X11/XErrorEvent
Event: 5,210 loading class sun/awt/X11/XErrorEvent done
Event: 5,325 Thread 0x00007f64b44ae000 DEOPT PACKING pc=0x00007f64a557187e sp=0x00007f645cbd7160
Event: 5,325 Thread 0x00007f64b44ae000 DEOPT UNPACKING pc=0x00007f64a5047384 sp=0x00007f645cbd6eb0 mode 0
Event: 5,645 Executing VM operation: ForceSafepoint
Event: 5,645 Executing VM operation: ForceSafepoint done


Dynamic libraries:
00400000-00401000 r-xp 00000000 08:11 8781874                            /etc/opt/jdk1.8.0_191/bin/java
00600000-00601000 r--p 00000000 08:11 8781874                            /etc/opt/jdk1.8.0_191/bin/java
00601000-00602000 rw-p 00001000 08:11 8781874                            /etc/opt/jdk1.8.0_191/bin/java
0177a000-0179b000 rw-p 00000000 00:00 0                                  [heap]
83600000-8a480000 rw-p 00000000 00:00 0 
8a480000-d6780000 ---p 00000000 00:00 0 
d6780000-db180000 rw-p 00000000 00:00 0 
db180000-100000000 ---p 00000000 00:00 0 
100000000-1002a0000 rw-p 00000000 00:00 0 
1002a0000-140000000 ---p 00000000 00:00 0 
7f6422a7d000-7f6426a7d000 rw-s 00000000 00:05 567148579                  /SYSV00000000 (deleted)
7f64278c5000-7f6428000000 rw-p 00000000 00:00 0 
7f6428000000-7f6428021000 rw-p 00000000 00:00 0 
7f6428021000-7f642c000000 ---p 00000000 00:00 0 
7f642e457000-7f642fdff000 r-xp 00000000 08:11 11542572                   /usr/lib/x86_64-linux-gnu/libicudata.so.60.2
7f642fdff000-7f642fffe000 ---p 019a8000 08:11 11542572                   /usr/lib/x86_64-linux-gnu/libicudata.so.60.2
7f642fffe000-7f642ffff000 r--p 019a7000 08:11 11542572                   /usr/lib/x86_64-linux-gnu/libicudata.so.60.2
7f642ffff000-7f6430000000 rw-p 019a8000 08:11 11542572                   /usr/lib/x86_64-linux-gnu/libicudata.so.60.2
7f6430000000-7f6430021000 rw-p 00000000 00:00 0 
7f6430021000-7f6434000000 ---p 00000000 00:00 0 
7f643447c000-7f6434bb7000 rw-p 00000000 00:00 0 
7f6434d17000-7f64350b1000 rw-s 00000000 00:05 567574565                  /SYSV00000000 (deleted)
7f64350b1000-7f643511d000 rw-p 00000000 00:00 0 
7f643511d000-7f64352b1000 ---p 00000000 00:00 0 
7f64352b1000-7f6435311000 rw-s 00000000 00:05 563707918                  /SYSV00000000 (deleted)
7f6435311000-7f6435511000 rw-p 00000000 00:00 0 
7f6435511000-7f6435535000 r-xp 00000000 08:11 1446551                    /lib/x86_64-linux-gnu/liblzma.so.5.2.2
7f6435535000-7f6435735000 ---p 00024000 08:11 1446551                    /lib/x86_64-linux-gnu/liblzma.so.5.2.2
7f6435735000-7f6435736000 r--p 00024000 08:11 1446551                    /lib/x86_64-linux-gnu/liblzma.so.5.2.2
7f6435736000-7f6435737000 rw-p 00025000 08:11 1446551                    /lib/x86_64-linux-gnu/liblzma.so.5.2.2
7f6435737000-7f64358da000 r-xp 00000000 08:11 11542582                   /usr/lib/x86_64-linux-gnu/libicuuc.so.60.2
7f64358da000-7f6435ad9000 ---p 001a3000 08:11 11542582                   /usr/lib/x86_64-linux-gnu/libicuuc.so.60.2
7f6435ad9000-7f6435aec000 r--p 001a2000 08:11 11542582                   /usr/lib/x86_64-linux-gnu/libicuuc.so.60.2
7f6435aec000-7f6435aed000 rw-p 001b5000 08:11 11542582                   /usr/lib/x86_64-linux-gnu/libicuuc.so.60.2
7f6435aed000-7f6435aee000 rw-p 00000000 00:00 0 
7f6435aee000-7f6435ca4000 r-xp 00000000 08:11 11534937                   /usr/lib/x86_64-linux-gnu/libxml2.so.2.9.4
7f6435ca4000-7f6435ea4000 ---p 001b6000 08:11 11534937                   /usr/lib/x86_64-linux-gnu/libxml2.so.2.9.4
7f6435ea4000-7f6435eac000 r--p 001b6000 08:11 11534937                   /usr/lib/x86_64-linux-gnu/libxml2.so.2.9.4
7f6435eac000-7f6435eae000 rw-p 001be000 08:11 11534937                   /usr/lib/x86_64-linux-gnu/libxml2.so.2.9.4
7f6435eae000-7f6435eaf000 rw-p 00000000 00:00 0 
7f6435eaf000-7f6435ee6000 r-xp 00000000 08:11 11542146                   /usr/lib/x86_64-linux-gnu/libcroco-0.6.so.3.0.1
7f6435ee6000-7f64360e6000 ---p 00037000 08:11 11542146                   /usr/lib/x86_64-linux-gnu/libcroco-0.6.so.3.0.1
7f64360e6000-7f64360e9000 r--p 00037000 08:11 11542146                   /usr/lib/x86_64-linux-gnu/libcroco-0.6.so.3.0.1
7f64360e9000-7f64360ea000 rw-p 0003a000 08:11 11542146                   /usr/lib/x86_64-linux-gnu/libcroco-0.6.so.3.0.1
7f64360ea000-7f6436120000 r-xp 00000000 08:11 11542954                   /usr/lib/x86_64-linux-gnu/librsvg-2.so.2.40.20
7f6436120000-7f6436320000 ---p 00036000 08:11 11542954                   /usr/lib/x86_64-linux-gnu/librsvg-2.so.2.40.20
7f6436320000-7f6436321000 r--p 00036000 08:11 11542954                   /usr/lib/x86_64-linux-gnu/librsvg-2.so.2.40.20
7f6436321000-7f6436322000 rw-p 00037000 08:11 11542954                   /usr/lib/x86_64-linux-gnu/librsvg-2.so.2.40.20
7f6436322000-7f6436323000 ---p 00000000 00:00 0 
7f6436323000-7f6436b23000 rw-p 00000000 00:00 0 
7f6436b23000-7f6436b24000 ---p 00000000 00:00 0 
7f6436b24000-7f6437324000 rw-p 00000000 00:00 0 
7f6437324000-7f643735a000 r-xp 00000000 08:11 11930360                   /usr/lib/x86_64-linux-gnu/gvfs/libgvfscommon.so
7f643735a000-7f643755a000 ---p 00036000 08:11 11930360                   /usr/lib/x86_64-linux-gnu/gvfs/libgvfscommon.so
7f643755a000-7f6437560000 r--p 00036000 08:11 11930360                   /usr/lib/x86_64-linux-gnu/gvfs/libgvfscommon.so
7f6437560000-7f6437561000 rw-p 0003c000 08:11 11930360                   /usr/lib/x86_64-linux-gnu/gvfs/libgvfscommon.so
7f6437561000-7f6437592000 r-xp 00000000 08:11 11929774                   /usr/lib/x86_64-linux-gnu/gio/modules/libgvfsdbus.so
7f6437592000-7f6437792000 ---p 00031000 08:11 11929774                   /usr/lib/x86_64-linux-gnu/gio/modules/libgvfsdbus.so
7f6437792000-7f6437794000 r--p 00031000 08:11 11929774                   /usr/lib/x86_64-linux-gnu/gio/modules/libgvfsdbus.so
7f6437794000-7f6437795000 rw-p 00033000 08:11 11929774                   /usr/lib/x86_64-linux-gnu/gio/modules/libgvfsdbus.so
7f6437795000-7f64377fc000 r-xp 00000000 08:11 11534454                   /usr/lib/x86_64-linux-gnu/libjpeg.so.8.1.2
7f64377fc000-7f64379fb000 ---p 00067000 08:11 11534454                   /usr/lib/x86_64-linux-gnu/libjpeg.so.8.1.2
7f64379fb000-7f64379fc000 r--p 00066000 08:11 11534454                   /usr/lib/x86_64-linux-gnu/libjpeg.so.8.1.2
7f64379fc000-7f64379fd000 rw-p 00067000 08:11 11534454                   /usr/lib/x86_64-linux-gnu/libjpeg.so.8.1.2
7f64379fd000-7f6437a22000 r-xp 00000000 08:11 11543123                   /usr/lib/x86_64-linux-gnu/libv4lconvert.so.0.0.0
7f6437a22000-7f6437c22000 ---p 00025000 08:11 11543123                   /usr/lib/x86_64-linux-gnu/libv4lconvert.so.0.0.0
7f6437c22000-7f6437c24000 r--p 00025000 08:11 11543123                   /usr/lib/x86_64-linux-gnu/libv4lconvert.so.0.0.0
7f6437c24000-7f6437c25000 rw-p 00027000 08:11 11543123                   /usr/lib/x86_64-linux-gnu/libv4lconvert.so.0.0.0
7f6437c25000-7f6437c77000 rw-p 00000000 00:00 0 
7f6437c77000-7f6437df0000 r-xp 00000000 08:11 11535918                   /usr/lib/x86_64-linux-gnu/libstdc++.so.6.0.25
7f6437df0000-7f6437ff0000 ---p 00179000 08:11 11535918                   /usr/lib/x86_64-linux-gnu/libstdc++.so.6.0.25
7f6437ff0000-7f6437ffa000 r--p 00179000 08:11 11535918                   /usr/lib/x86_64-linux-gnu/libstdc++.so.6.0.25
7f6437ffa000-7f6437ffc000 rw-p 00183000 08:11 11535918                   /usr/lib/x86_64-linux-gnu/libstdc++.so.6.0.25
7f6437ffc000-7f6438000000 rw-p 00000000 00:00 0 
7f6438000000-7f6438021000 rw-p 00000000 00:00 0 
7f6438021000-7f643c000000 ---p 00000000 00:00 0 
7f643c000000-7f643c178000 rw-p 00000000 00:00 0 
7f643c178000-7f6440000000 ---p 00000000 00:00 0 
7f6440000000-7f6440033000 rw-p 00000000 00:00 0 
7f6440033000-7f6444000000 ---p 00000000 00:00 0 
7f6444000000-7f6444021000 rw-p 00000000 00:00 0 
7f6444021000-7f6448000000 ---p 00000000 00:00 0 
7f6448000000-7f64495a6000 rw-p 00000000 00:00 0 
7f64495a6000-7f644c000000 ---p 00000000 00:00 0 
7f644c000000-7f644c021000 rw-p 00000000 00:00 0 
7f644c021000-7f6450000000 ---p 00000000 00:00 0 
7f6450000000-7f6450021000 rw-p 00000000 00:00 0 
7f6450021000-7f6454000000 ---p 00000000 00:00 0 
7f645400f000-7f6454018000 r-xp 00000000 08:11 11543121                   /usr/lib/x86_64-linux-gnu/libv4l2.so.0.0.0
7f6454018000-7f6454218000 ---p 00009000 08:11 11543121                   /usr/lib/x86_64-linux-gnu/libv4l2.so.0.0.0
7f6454218000-7f6454219000 r--p 00009000 08:11 11543121                   /usr/lib/x86_64-linux-gnu/libv4l2.so.0.0.0
7f6454219000-7f645421e000 rw-p 0000a000 08:11 11543121                   /usr/lib/x86_64-linux-gnu/libv4l2.so.0.0.0
7f645422a000-7f6454237000 r--s 00000000 08:11 8789171                    /tmp/BridJExtractedLibraries3523949361958350641/OpenIMAJGrabber.so
7f6454237000-7f645423c000 r-xp 00000000 08:11 8789171                    /tmp/BridJExtractedLibraries3523949361958350641/OpenIMAJGrabber.so
7f645423c000-7f645443b000 ---p 00005000 08:11 8789171                    /tmp/BridJExtractedLibraries3523949361958350641/OpenIMAJGrabber.so
7f645443b000-7f645443c000 r--p 00004000 08:11 8789171                    /tmp/BridJExtractedLibraries3523949361958350641/OpenIMAJGrabber.so
7f645443c000-7f645443d000 rw-p 00005000 08:11 8789171                    /tmp/BridJExtractedLibraries3523949361958350641/OpenIMAJGrabber.so
7f645443d000-7f6454458000 r-xp 00000000 08:11 8789170                    /tmp/BridJExtractedLibraries3523949361958350641/libbridj.so
7f6454458000-7f6454657000 ---p 0001b000 08:11 8789170                    /tmp/BridJExtractedLibraries3523949361958350641/libbridj.so
7f6454657000-7f6454658000 r--p 0001a000 08:11 8789170                    /tmp/BridJExtractedLibraries3523949361958350641/libbridj.so
7f6454658000-7f6454659000 rw-p 0001b000 08:11 8789170                    /tmp/BridJExtractedLibraries3523949361958350641/libbridj.so
7f6454659000-7f645465c000 ---p 00000000 00:00 0 
7f645465c000-7f645495a000 rw-p 00000000 00:00 0 
7f645495a000-7f645495d000 ---p 00000000 00:00 0 
7f645495d000-7f6454a5b000 rw-p 00000000 00:00 0 
7f6454a5b000-7f6454a65000 r--s 00116000 08:11 8783442                    /etc/opt/jdk1.8.0_191/jre/lib/ext/localedata.jar
7f6454a65000-7f6454c65000 rw-p 00000000 00:00 0 
7f6454c65000-7f6454c68000 ---p 00000000 00:00 0 
7f6454c68000-7f6454d66000 rw-p 00000000 00:00 0 
7f6454d6d000-7f6454d6f000 r-xp 00000000 08:11 11929726                   /usr/lib/x86_64-linux-gnu/gdk-pixbuf-2.0/2.10.0/loaders/libpixbufloader-svg.so
7f6454d6f000-7f6454f6e000 ---p 00002000 08:11 11929726                   /usr/lib/x86_64-linux-gnu/gdk-pixbuf-2.0/2.10.0/loaders/libpixbufloader-svg.so
7f6454f6e000-7f6454f6f000 r--p 00001000 08:11 11929726                   /usr/lib/x86_64-linux-gnu/gdk-pixbuf-2.0/2.10.0/loaders/libpixbufloader-svg.so
7f6454f6f000-7f6454f70000 rw-p 00002000 08:11 11929726                   /usr/lib/x86_64-linux-gnu/gdk-pixbuf-2.0/2.10.0/loaders/libpixbufloader-svg.so
7f6454f70000-7f6454fff000 r--p 00000000 08:11 12984868                   /usr/share/icons/Mint-Y/icon-theme.cache
7f6454fff000-7f6458000000 rw-p 00000000 00:00 0 
7f6458000000-7f645803d000 rw-p 00000000 00:00 0 
7f645803d000-7f645c000000 ---p 00000000 00:00 0 
7f645c023000-7f645c064000 r-xp 00000000 08:11 8783535                    /etc/opt/jdk1.8.0_191/jre/lib/amd64/libjpeg.so
7f645c064000-7f645c263000 ---p 00041000 08:11 8783535                    /etc/opt/jdk1.8.0_191/jre/lib/amd64/libjpeg.so
7f645c263000-7f645c264000 r--p 00040000 08:11 8783535                    /etc/opt/jdk1.8.0_191/jre/lib/amd64/libjpeg.so
7f645c264000-7f645c265000 rw-p 00041000 08:11 8783535                    /etc/opt/jdk1.8.0_191/jre/lib/amd64/libjpeg.so
7f645c265000-7f645c268000 ---p 00000000 00:00 0 
7f645c268000-7f645c366000 rw-p 00000000 00:00 0 
7f645c366000-7f645c369000 ---p 00000000 00:00 0 
7f645c369000-7f645c467000 rw-p 00000000 00:00 0 
7f645c467000-7f645c4d3000 r-xp 00000000 08:11 8783553                    /etc/opt/jdk1.8.0_191/jre/lib/amd64/libt2k.so
7f645c4d3000-7f645c6d3000 ---p 0006c000 08:11 8783553                    /etc/opt/jdk1.8.0_191/jre/lib/amd64/libt2k.so
7f645c6d3000-7f645c6d9000 r--p 0006c000 08:11 8783553                    /etc/opt/jdk1.8.0_191/jre/lib/amd64/libt2k.so
7f645c6d9000-7f645c6da000 rw-p 00072000 08:11 8783553                    /etc/opt/jdk1.8.0_191/jre/lib/amd64/libt2k.so
7f645c6da000-7f645c8da000 rw-p 00000000 00:00 0 
7f645c8da000-7f645cada000 rw-p 00000000 00:00 0 
7f645cada000-7f645cadd000 ---p 00000000 00:00 0 
7f645cadd000-7f645cbdb000 rw-p 00000000 00:00 0 
7f645cbdb000-7f645cbde000 ---p 00000000 00:00 0 
7f645cbde000-7f645ccdc000 rw-p 00000000 00:00 0 
7f645ccdc000-7f645cce1000 r-xp 00000000 08:11 11929723                   /usr/lib/x86_64-linux-gnu/gdk-pixbuf-2.0/2.10.0/loaders/libpixbufloader-png.so
7f645cce1000-7f645cee0000 ---p 00005000 08:11 11929723                   /usr/lib/x86_64-linux-gnu/gdk-pixbuf-2.0/2.10.0/loaders/libpixbufloader-png.so
7f645cee0000-7f645cee1000 r--p 00004000 08:11 11929723                   /usr/lib/x86_64-linux-gnu/gdk-pixbuf-2.0/2.10.0/loaders/libpixbufloader-png.so
7f645cee1000-7f645cee2000 rw-p 00005000 08:11 11929723                   /usr/lib/x86_64-linux-gnu/gdk-pixbuf-2.0/2.10.0/loaders/libpixbufloader-png.so
7f645cee2000-7f645cee3000 r-xp 00000000 08:11 11929998                   /usr/lib/x86_64-linux-gnu/gtk-2.0/2.10.0/immodules/im-cedilla.so
7f645cee3000-7f645d0e2000 ---p 00001000 08:11 11929998                   /usr/lib/x86_64-linux-gnu/gtk-2.0/2.10.0/immodules/im-cedilla.so
7f645d0e2000-7f645d0e3000 r--p 00000000 08:11 11929998                   /usr/lib/x86_64-linux-gnu/gtk-2.0/2.10.0/immodules/im-cedilla.so
7f645d0e3000-7f645d0e4000 rw-p 00001000 08:11 11929998                   /usr/lib/x86_64-linux-gnu/gtk-2.0/2.10.0/immodules/im-cedilla.so
7f645d0e4000-7f645d0f5000 r-xp 00000000 08:11 8783594                    /etc/opt/jdk1.8.0_191/jre/lib/amd64/libnio.so
7f645d0f5000-7f645d2f4000 ---p 00011000 08:11 8783594                    /etc/opt/jdk1.8.0_191/jre/lib/amd64/libnio.so
7f645d2f4000-7f645d2f5000 r--p 00010000 08:11 8783594                    /etc/opt/jdk1.8.0_191/jre/lib/amd64/libnio.so
7f645d2f5000-7f645d2f6000 rw-p 00011000 08:11 8783594                    /etc/opt/jdk1.8.0_191/jre/lib/amd64/libnio.so
7f645d2f6000-7f645d2fb000 r-xp 00000000 08:11 1446579                    /lib/x86_64-linux-gnu/libnss_dns-2.27.so
7f645d2fb000-7f645d4fb000 ---p 00005000 08:11 1446579                    /lib/x86_64-linux-gnu/libnss_dns-2.27.so
7f645d4fb000-7f645d4fc000 r--p 00005000 08:11 1446579                    /lib/x86_64-linux-gnu/libnss_dns-2.27.so
7f645d4fc000-7f645d4fd000 rw-p 00006000 08:11 1446579                    /lib/x86_64-linux-gnu/libnss_dns-2.27.so
7f645d4fd000-7f645d513000 r-xp 00000000 08:11 8783591                    /etc/opt/jdk1.8.0_191/jre/lib/amd64/libnet.so
7f645d513000-7f645d712000 ---p 00016000 08:11 8783591                    /etc/opt/jdk1.8.0_191/jre/lib/amd64/libnet.so
7f645d712000-7f645d713000 r--p 00015000 08:11 8783591                    /etc/opt/jdk1.8.0_191/jre/lib/amd64/libnet.so
7f645d713000-7f645d714000 rw-p 00016000 08:11 8783591                    /etc/opt/jdk1.8.0_191/jre/lib/amd64/libnet.so
7f645d714000-7f645d74e000 r-xp 00000000 08:11 11929993                   /usr/lib/x86_64-linux-gnu/gtk-2.0/2.10.0/engines/libmurrine.so
7f645d74e000-7f645d94e000 ---p 0003a000 08:11 11929993                   /usr/lib/x86_64-linux-gnu/gtk-2.0/2.10.0/engines/libmurrine.so
7f645d94e000-7f645d94f000 r--p 0003a000 08:11 11929993                   /usr/lib/x86_64-linux-gnu/gtk-2.0/2.10.0/engines/libmurrine.so
7f645d94f000-7f645d950000 rw-p 0003b000 08:11 11929993                   /usr/lib/x86_64-linux-gnu/gtk-2.0/2.10.0/engines/libmurrine.so
7f645d950000-7f645d952000 r-xp 00000000 08:11 11929986                   /usr/lib/x86_64-linux-gnu/gtk-2.0/2.10.0/engines/libadwaita.so
7f645d952000-7f645db52000 ---p 00002000 08:11 11929986                   /usr/lib/x86_64-linux-gnu/gtk-2.0/2.10.0/engines/libadwaita.so
7f645db52000-7f645db53000 r--p 00002000 08:11 11929986                   /usr/lib/x86_64-linux-gnu/gtk-2.0/2.10.0/engines/libadwaita.so
7f645db53000-7f645db54000 rw-p 00003000 08:11 11929986                   /usr/lib/x86_64-linux-gnu/gtk-2.0/2.10.0/engines/libadwaita.so
7f645db54000-7f645db5e000 r-xp 00000000 08:11 11929994                   /usr/lib/x86_64-linux-gnu/gtk-2.0/2.10.0/engines/libpixmap.so
7f645db5e000-7f645dd5d000 ---p 0000a000 08:11 11929994                   /usr/lib/x86_64-linux-gnu/gtk-2.0/2.10.0/engines/libpixmap.so
7f645dd5d000-7f645dd5e000 r--p 00009000 08:11 11929994                   /usr/lib/x86_64-linux-gnu/gtk-2.0/2.10.0/engines/libpixmap.so
7f645dd5e000-7f645dd5f000 rw-p 0000a000 08:11 11929994                   /usr/lib/x86_64-linux-gnu/gtk-2.0/2.10.0/engines/libpixmap.so
7f645dd5f000-7f645dd60000 r-xp 00000000 08:11 11534856                   /usr/lib/x86_64-linux-gnu/libgthread-2.0.so.0.5600.3
7f645dd60000-7f645df5f000 ---p 00001000 08:11 11534856                   /usr/lib/x86_64-linux-gnu/libgthread-2.0.so.0.5600.3
7f645df5f000-7f645df60000 r--p 00000000 08:11 11534856                   /usr/lib/x86_64-linux-gnu/libgthread-2.0.so.0.5600.3
7f645df60000-7f645df61000 rw-p 00001000 08:11 11534856                   /usr/lib/x86_64-linux-gnu/libgthread-2.0.so.0.5600.3
7f645df61000-7f645df67000 r-xp 00000000 08:11 1446395                    /lib/x86_64-linux-gnu/libuuid.so.1.3.0
7f645df67000-7f645e166000 ---p 00006000 08:11 1446395                    /lib/x86_64-linux-gnu/libuuid.so.1.3.0
7f645e166000-7f645e167000 r--p 00005000 08:11 1446395                    /lib/x86_64-linux-gnu/libuuid.so.1.3.0
7f645e167000-7f645e168000 rw-p 00006000 08:11 1446395                    /lib/x86_64-linux-gnu/libuuid.so.1.3.0
7f645e168000-7f645e16e000 r-xp 00000000 08:11 11542172                   /usr/lib/x86_64-linux-gnu/libdatrie.so.1.3.3
7f645e16e000-7f645e36d000 ---p 00006000 08:11 11542172                   /usr/lib/x86_64-linux-gnu/libdatrie.so.1.3.3
7f645e36d000-7f645e36e000 r--p 00005000 08:11 11542172                   /usr/lib/x86_64-linux-gnu/libdatrie.so.1.3.3
7f645e36e000-7f645e36f000 rw-p 00006000 08:11 11542172                   /usr/lib/x86_64-linux-gnu/libdatrie.so.1.3.3
7f645e36f000-7f645e39a000 r-xp 00000000 08:11 11542443                   /usr/lib/x86_64-linux-gnu/libgraphite2.so.3.0.1
7f645e39a000-7f645e599000 ---p 0002b000 08:11 11542443                   /usr/lib/x86_64-linux-gnu/libgraphite2.so.3.0.1
7f645e599000-7f645e59b000 r--p 0002a000 08:11 11542443                   /usr/lib/x86_64-linux-gnu/libgraphite2.so.3.0.1
7f645e59b000-7f645e59c000 rw-p 0002c000 08:11 11542443                   /usr/lib/x86_64-linux-gnu/libgraphite2.so.3.0.1
7f645e59c000-7f645e5e3000 r-xp 00000000 08:11 1446397                    /lib/x86_64-linux-gnu/libblkid.so.1.1.0
7f645e5e3000-7f645e7e3000 ---p 00047000 08:11 1446397                    /lib/x86_64-linux-gnu/libblkid.so.1.1.0
7f645e7e3000-7f645e7e7000 r--p 00047000 08:11 1446397                    /lib/x86_64-linux-gnu/libblkid.so.1.1.0
7f645e7e7000-7f645e7e8000 rw-p 0004b000 08:11 1446397                    /lib/x86_64-linux-gnu/libblkid.so.1.1.0
7f645e7e8000-7f645e7e9000 rw-p 00000000 00:00 0 
7f645e7e9000-7f645e818000 r-xp 00000000 08:11 1446521                    /lib/x86_64-linux-gnu/libexpat.so.1.6.7
7f645e818000-7f645ea18000 ---p 0002f000 08:11 1446521                    /lib/x86_64-linux-gnu/libexpat.so.1.6.7
7f645ea18000-7f645ea1a000 r--p 0002f000 08:11 1446521                    /lib/x86_64-linux-gnu/libexpat.so.1.6.7
7f645ea1a000-7f645ea1b000 rw-p 00031000 08:11 1446521                    /lib/x86_64-linux-gnu/libexpat.so.1.6.7
7f645ea1b000-7f645ea8b000 r-xp 00000000 08:11 1446613                    /lib/x86_64-linux-gnu/libpcre.so.3.13.3
7f645ea8b000-7f645ec8b000 ---p 00070000 08:11 1446613                    /lib/x86_64-linux-gnu/libpcre.so.3.13.3
7f645ec8b000-7f645ec8c000 r--p 00070000 08:11 1446613                    /lib/x86_64-linux-gnu/libpcre.so.3.13.3
7f645ec8c000-7f645ec8d000 rw-p 00071000 08:11 1446613                    /lib/x86_64-linux-gnu/libpcre.so.3.13.3
7f645ec8d000-7f645ec94000 r-xp 00000000 08:11 11542286                   /usr/lib/x86_64-linux-gnu/libffi.so.6.0.4
7f645ec94000-7f645ee93000 ---p 00007000 08:11 11542286                   /usr/lib/x86_64-linux-gnu/libffi.so.6.0.4
7f645ee93000-7f645ee94000 r--p 00006000 08:11 11542286                   /usr/lib/x86_64-linux-gnu/libffi.so.6.0.4
7f645ee94000-7f645ee95000 rw-p 00007000 08:11 11542286                   /usr/lib/x86_64-linux-gnu/libffi.so.6.0.4
7f645ee95000-7f645ee9d000 r-xp 00000000 08:11 11543063                   /usr/lib/x86_64-linux-gnu/libthai.so.0.3.0
7f645ee9d000-7f645f09c000 ---p 00008000 08:11 11543063                   /usr/lib/x86_64-linux-gnu/libthai.so.0.3.0
7f645f09c000-7f645f09d000 r--p 00007000 08:11 11543063                   /usr/lib/x86_64-linux-gnu/libthai.so.0.3.0
7f645f09d000-7f645f09e000 rw-p 00008000 08:11 11543063                   /usr/lib/x86_64-linux-gnu/libthai.so.0.3.0
7f645f09e000-7f645f13a000 r-xp 00000000 08:11 11542534                   /usr/lib/x86_64-linux-gnu/libharfbuzz.so.0.10702.0
7f645f13a000-7f645f33a000 ---p 0009c000 08:11 11542534                   /usr/lib/x86_64-linux-gnu/libharfbuzz.so.0.10702.0
7f645f33a000-7f645f33b000 r--p 0009c000 08:11 11542534                   /usr/lib/x86_64-linux-gnu/libharfbuzz.so.0.10702.0
7f645f33b000-7f645f33c000 rw-p 0009d000 08:11 11542534                   /usr/lib/x86_64-linux-gnu/libharfbuzz.so.0.10702.0
7f645f33c000-7f645f38d000 r-xp 00000000 08:11 1446399                    /lib/x86_64-linux-gnu/libmount.so.1.1.0
7f645f38d000-7f645f58c000 ---p 00051000 08:11 1446399                    /lib/x86_64-linux-gnu/libmount.so.1.1.0
7f645f58c000-7f645f58e000 r--p 00050000 08:11 1446399                    /lib/x86_64-linux-gnu/libmount.so.1.1.0
7f645f58e000-7f645f58f000 rw-p 00052000 08:11 1446399                    /lib/x86_64-linux-gnu/libmount.so.1.1.0
7f645f58f000-7f645f590000 rw-p 00000000 00:00 0 
7f645f590000-7f645f5a7000 r-xp 00000000 08:11 1446630                    /lib/x86_64-linux-gnu/libresolv-2.27.so
7f645f5a7000-7f645f7a7000 ---p 00017000 08:11 1446630                    /lib/x86_64-linux-gnu/libresolv-2.27.so
7f645f7a7000-7f645f7a8000 r--p 00017000 08:11 1446630                    /lib/x86_64-linux-gnu/libresolv-2.27.so
7f645f7a8000-7f645f7a9000 rw-p 00018000 08:11 1446630                    /lib/x86_64-linux-gnu/libresolv-2.27.so
7f645f7a9000-7f645f7ab000 rw-p 00000000 00:00 0 
7f645f7ab000-7f645f7d0000 r-xp 00000000 08:11 1446636                    /lib/x86_64-linux-gnu/libselinux.so.1
7f645f7d0000-7f645f9cf000 ---p 00025000 08:11 1446636                    /lib/x86_64-linux-gnu/libselinux.so.1
7f645f9cf000-7f645f9d0000 r--p 00024000 08:11 1446636                    /lib/x86_64-linux-gnu/libselinux.so.1
7f645f9d0000-7f645f9d1000 rw-p 00025000 08:11 1446636                    /lib/x86_64-linux-gnu/libselinux.so.1
7f645f9d1000-7f645f9d3000 rw-p 00000000 00:00 0 
7f645f9d3000-7f645f9ef000 r-xp 00000000 08:11 1446665                    /lib/x86_64-linux-gnu/libz.so.1.2.11
7f645f9ef000-7f645fbee000 ---p 0001c000 08:11 1446665                    /lib/x86_64-linux-gnu/libz.so.1.2.11
7f645fbee000-7f645fbef000 r--p 0001b000 08:11 1446665                    /lib/x86_64-linux-gnu/libz.so.1.2.11
7f645fbef000-7f645fbf0000 rw-p 0001c000 08:11 1446665                    /lib/x86_64-linux-gnu/libz.so.1.2.11
7f645fbf0000-7f645fbfc000 r-xp 00000000 08:11 11543216                   /usr/lib/x86_64-linux-gnu/libxcb-render.so.0.0.0
7f645fbfc000-7f645fdfb000 ---p 0000c000 08:11 11543216                   /usr/lib/x86_64-linux-gnu/libxcb-render.so.0.0.0
7f645fdfb000-7f645fdfc000 r--p 0000b000 08:11 11543216                   /usr/lib/x86_64-linux-gnu/libxcb-render.so.0.0.0
7f645fdfc000-7f645fdfd000 rw-p 0000c000 08:11 11543216                   /usr/lib/x86_64-linux-gnu/libxcb-render.so.0.0.0
7f645fdfd000-7f645fdff000 r-xp 00000000 08:11 11543220                   /usr/lib/x86_64-linux-gnu/libxcb-shm.so.0.0.0
7f645fdff000-7f645fffe000 ---p 00002000 08:11 11543220                   /usr/lib/x86_64-linux-gnu/libxcb-shm.so.0.0.0
7f645fffe000-7f645ffff000 r--p 00001000 08:11 11543220                   /usr/lib/x86_64-linux-gnu/libxcb-shm.so.0.0.0
7f645ffff000-7f6460000000 rw-p 00002000 08:11 11543220                   /usr/lib/x86_64-linux-gnu/libxcb-shm.so.0.0.0
7f6460000000-7f6460021000 rw-p 00000000 00:00 0 
7f6460021000-7f6464000000 ---p 00000000 00:00 0 
7f6464042000-7f646404a000 r--p 00000000 08:11 12980786                   /usr/share/icons/hicolor/icon-theme.cache
7f646404a000-7f6464066000 r--p 00000000 08:11 12984891                   /usr/share/icons/gnome/icon-theme.cache
7f6464066000-7f6464088000 r--s 00000000 08:11 12061419                   /usr/share/mime/mime.cache
7f6464088000-7f646409b000 r--s 00345000 08:11 8783412                    /etc/opt/jdk1.8.0_191/jre/lib/resources.jar
7f646409b000-7f64640ef000 r--p 00000000 08:11 12716156                   /usr/share/fonts/truetype/dejavu/DejaVuSansMono.ttf
7f64640ef000-7f646415f000 r--p 00000000 08:11 12716287                   /usr/share/fonts/truetype/noto/NotoSans-Regular.ttf
7f646415f000-7f646416a000 r--s 00000000 08:11 5374047                    /var/cache/fontconfig/945677eb7aeaf62f1d50efc3fb3ec7d8-le64.cache-7
7f646416a000-7f64641b6000 r--s 00000000 08:11 5374008                    /var/cache/fontconfig/0bd3dc0958fa2205aaaa8ebb13e2872b-le64.cache-7
7f64641b6000-7f64641e7000 r-xp 00000000 08:11 11542393                   /usr/lib/x86_64-linux-gnu/libpng16.so.16.34.0
7f64641e7000-7f64643e6000 ---p 00031000 08:11 11542393                   /usr/lib/x86_64-linux-gnu/libpng16.so.16.34.0
7f64643e6000-7f64643e7000 r--p 00030000 08:11 11542393                   /usr/lib/x86_64-linux-gnu/libpng16.so.16.34.0
7f64643e7000-7f64643e8000 rw-p 00031000 08:11 11542393                   /usr/lib/x86_64-linux-gnu/libpng16.so.16.34.0
7f64643e8000-7f6464485000 r-xp 00000000 08:11 11542869                   /usr/lib/x86_64-linux-gnu/libpixman-1.so.0.34.0
7f6464485000-7f6464684000 ---p 0009d000 08:11 11542869                   /usr/lib/x86_64-linux-gnu/libpixman-1.so.0.34.0
7f6464684000-7f646468c000 r--p 0009c000 08:11 11542869                   /usr/lib/x86_64-linux-gnu/libpixman-1.so.0.34.0
7f646468c000-7f646468d000 rw-p 000a4000 08:11 11542869                   /usr/lib/x86_64-linux-gnu/libpixman-1.so.0.34.0
7f646468d000-7f646473a000 r-xp 00000000 08:11 11542316                   /usr/lib/x86_64-linux-gnu/libfreetype.so.6.15.0
7f646473a000-7f6464939000 ---p 000ad000 08:11 11542316                   /usr/lib/x86_64-linux-gnu/libfreetype.so.6.15.0
7f6464939000-7f6464940000 r--p 000ac000 08:11 11542316                   /usr/lib/x86_64-linux-gnu/libfreetype.so.6.15.0
7f6464940000-7f6464941000 rw-p 000b3000 08:11 11542316                   /usr/lib/x86_64-linux-gnu/libfreetype.so.6.15.0
7f6464941000-7f6464943000 r-xp 00000000 08:11 11541904                   /usr/lib/x86_64-linux-gnu/libXdamage.so.1.1.0
7f6464943000-7f6464b42000 ---p 00002000 08:11 11541904                   /usr/lib/x86_64-linux-gnu/libXdamage.so.1.1.0
7f6464b42000-7f6464b43000 r--p 00001000 08:11 11541904                   /usr/lib/x86_64-linux-gnu/libXdamage.so.1.1.0
7f6464b43000-7f6464b44000 rw-p 00002000 08:11 11541904                   /usr/lib/x86_64-linux-gnu/libXdamage.so.1.1.0
7f6464b44000-7f6464b46000 r-xp 00000000 08:11 11541900                   /usr/lib/x86_64-linux-gnu/libXcomposite.so.1.0.0
7f6464b46000-7f6464d45000 ---p 00002000 08:11 11541900                   /usr/lib/x86_64-linux-gnu/libXcomposite.so.1.0.0
7f6464d45000-7f6464d46000 r--p 00001000 08:11 11541900                   /usr/lib/x86_64-linux-gnu/libXcomposite.so.1.0.0
7f6464d46000-7f6464d47000 rw-p 00002000 08:11 11541900                   /usr/lib/x86_64-linux-gnu/libXcomposite.so.1.0.0
7f6464d47000-7f6464d51000 r-xp 00000000 08:11 11541926                   /usr/lib/x86_64-linux-gnu/libXrandr.so.2.2.0
7f6464d51000-7f6464f50000 ---p 0000a000 08:11 11541926                   /usr/lib/x86_64-linux-gnu/libXrandr.so.2.2.0
7f6464f50000-7f6464f51000 r--p 00009000 08:11 11541926                   /usr/lib/x86_64-linux-gnu/libXrandr.so.2.2.0
7f6464f51000-7f6464f52000 rw-p 0000a000 08:11 11541926                   /usr/lib/x86_64-linux-gnu/libXrandr.so.2.2.0
7f6464f52000-7f6464f54000 r-xp 00000000 08:11 11541918                   /usr/lib/x86_64-linux-gnu/libXinerama.so.1.0.0
7f6464f54000-7f6465153000 ---p 00002000 08:11 11541918                   /usr/lib/x86_64-linux-gnu/libXinerama.so.1.0.0
7f6465153000-7f6465154000 r--p 00001000 08:11 11541918                   /usr/lib/x86_64-linux-gnu/libXinerama.so.1.0.0
7f6465154000-7f6465155000 rw-p 00002000 08:11 11541918                   /usr/lib/x86_64-linux-gnu/libXinerama.so.1.0.0
7f6465155000-7f6465193000 r-xp 00000000 08:11 11542302                   /usr/lib/x86_64-linux-gnu/libfontconfig.so.1.10.1
7f6465193000-7f6465393000 ---p 0003e000 08:11 11542302                   /usr/lib/x86_64-linux-gnu/libfontconfig.so.1.10.1
7f6465393000-7f6465395000 r--p 0003e000 08:11 11542302                   /usr/lib/x86_64-linux-gnu/libfontconfig.so.1.10.1
7f6465395000-7f646539a000 rw-p 00040000 08:11 11542302                   /usr/lib/x86_64-linux-gnu/libfontconfig.so.1.10.1
7f646539a000-7f64654ad000 r-xp 00000000 08:11 11534821                   /usr/lib/x86_64-linux-gnu/libglib-2.0.so.0.5600.3
7f64654ad000-7f64656ad000 ---p 00113000 08:11 11534821                   /usr/lib/x86_64-linux-gnu/libglib-2.0.so.0.5600.3
7f64656ad000-7f64656ae000 r--p 00113000 08:11 11534821                   /usr/lib/x86_64-linux-gnu/libglib-2.0.so.0.5600.3
7f64656ae000-7f64656af000 rw-p 00114000 08:11 11534821                   /usr/lib/x86_64-linux-gnu/libglib-2.0.so.0.5600.3
7f64656af000-7f64656b0000 rw-p 00000000 00:00 0 
7f64656b0000-7f6465702000 r-xp 00000000 08:11 11534852                   /usr/lib/x86_64-linux-gnu/libgobject-2.0.so.0.5600.3
7f6465702000-7f6465902000 ---p 00052000 08:11 11534852                   /usr/lib/x86_64-linux-gnu/libgobject-2.0.so.0.5600.3
7f6465902000-7f6465903000 r--p 00052000 08:11 11534852                   /usr/lib/x86_64-linux-gnu/libgobject-2.0.so.0.5600.3
7f6465903000-7f6465904000 rw-p 00053000 08:11 11534852                   /usr/lib/x86_64-linux-gnu/libgobject-2.0.so.0.5600.3
7f6465904000-7f646594e000 r-xp 00000000 08:11 11542837                   /usr/lib/x86_64-linux-gnu/libpango-1.0.so.0.4000.14
7f646594e000-7f6465b4d000 ---p 0004a000 08:11 11542837                   /usr/lib/x86_64-linux-gnu/libpango-1.0.so.0.4000.14
7f6465b4d000-7f6465b50000 r--p 00049000 08:11 11542837                   /usr/lib/x86_64-linux-gnu/libpango-1.0.so.0.4000.14
7f6465b50000-7f6465b51000 rw-p 0004c000 08:11 11542837                   /usr/lib/x86_64-linux-gnu/libpango-1.0.so.0.4000.14
7f6465b51000-7f6465b65000 r-xp 00000000 08:11 11542841                   /usr/lib/x86_64-linux-gnu/libpangoft2-1.0.so.0.4000.14
7f6465b65000-7f6465d65000 ---p 00014000 08:11 11542841                   /usr/lib/x86_64-linux-gnu/libpangoft2-1.0.so.0.4000.14
7f6465d65000-7f6465d66000 r--p 00014000 08:11 11542841                   /usr/lib/x86_64-linux-gnu/libpangoft2-1.0.so.0.4000.14
7f6465d66000-7f6465d67000 rw-p 00015000 08:11 11542841                   /usr/lib/x86_64-linux-gnu/libpangoft2-1.0.so.0.4000.14
7f6465d67000-7f6465efc000 r-xp 00000000 08:11 11534794                   /usr/lib/x86_64-linux-gnu/libgio-2.0.so.0.5600.3
7f6465efc000-7f64660fc000 ---p 00195000 08:11 11534794                   /usr/lib/x86_64-linux-gnu/libgio-2.0.so.0.5600.3
7f64660fc000-7f6466103000 r--p 00195000 08:11 11534794                   /usr/lib/x86_64-linux-gnu/libgio-2.0.so.0.5600.3
7f6466103000-7f6466104000 rw-p 0019c000 08:11 11534794                   /usr/lib/x86_64-linux-gnu/libgio-2.0.so.0.5600.3
7f6466104000-7f6466106000 rw-p 00000000 00:00 0 
7f6466106000-7f6466128000 r-xp 00000000 08:11 11542356                   /usr/lib/x86_64-linux-gnu/libgdk_pixbuf-2.0.so.0.3611.0
7f6466128000-7f6466328000 ---p 00022000 08:11 11542356                   /usr/lib/x86_64-linux-gnu/libgdk_pixbuf-2.0.so.0.3611.0
7f6466328000-7f6466329000 r--p 00022000 08:11 11542356                   /usr/lib/x86_64-linux-gnu/libgdk_pixbuf-2.0.so.0.3611.0
7f6466329000-7f646632a000 rw-p 00023000 08:11 11542356                   /usr/lib/x86_64-linux-gnu/libgdk_pixbuf-2.0.so.0.3611.0
7f646632a000-7f6466442000 r-xp 00000000 08:11 11542067                   /usr/lib/x86_64-linux-gnu/libcairo.so.2.11510.0
7f6466442000-7f6466641000 ---p 00118000 08:11 11542067                   /usr/lib/x86_64-linux-gnu/libcairo.so.2.11510.0
7f6466641000-7f6466644000 r--p 00117000 08:11 11542067                   /usr/lib/x86_64-linux-gnu/libcairo.so.2.11510.0
7f6466644000-7f6466646000 rw-p 0011a000 08:11 11542067                   /usr/lib/x86_64-linux-gnu/libcairo.so.2.11510.0
7f6466646000-7f6466647000 rw-p 00000000 00:00 0 
7f6466647000-7f6466669000 r-xp 00000000 08:11 11541985                   /usr/lib/x86_64-linux-gnu/libatk-1.0.so.0.22810.1
7f6466669000-7f6466869000 ---p 00022000 08:11 11541985                   /usr/lib/x86_64-linux-gnu/libatk-1.0.so.0.22810.1
7f6466869000-7f646686c000 r--p 00022000 08:11 11541985                   /usr/lib/x86_64-linux-gnu/libatk-1.0.so.0.22810.1
7f646686c000-7f646686d000 rw-p 00025000 08:11 11541985                   /usr/lib/x86_64-linux-gnu/libatk-1.0.so.0.22810.1
7f646686d000-7f6466879000 r-xp 00000000 08:11 11542839                   /usr/lib/x86_64-linux-gnu/libpangocairo-1.0.so.0.4000.14
7f6466879000-7f6466a78000 ---p 0000c000 08:11 11542839                   /usr/lib/x86_64-linux-gnu/libpangocairo-1.0.so.0.4000.14
7f6466a78000-7f6466a79000 r--p 0000b000 08:11 11542839                   /usr/lib/x86_64-linux-gnu/libpangocairo-1.0.so.0.4000.14
7f6466a79000-7f6466a7a000 rw-p 0000c000 08:11 11542839                   /usr/lib/x86_64-linux-gnu/libpangocairo-1.0.so.0.4000.14
7f6466a7a000-7f6466a7d000 r-xp 00000000 08:11 11534851                   /usr/lib/x86_64-linux-gnu/libgmodule-2.0.so.0.5600.3
7f6466a7d000-7f6466c7c000 ---p 00003000 08:11 11534851                   /usr/lib/x86_64-linux-gnu/libgmodule-2.0.so.0.5600.3
7f6466c7c000-7f6466c7d000 r--p 00002000 08:11 11534851                   /usr/lib/x86_64-linux-gnu/libgmodule-2.0.so.0.5600.3
7f6466c7d000-7f6466c7e000 rw-p 00003000 08:11 11534851                   /usr/lib/x86_64-linux-gnu/libgmodule-2.0.so.0.5600.3
7f6466c7e000-7f6466d2e000 r-xp 00000000 08:11 11542354                   /usr/lib/x86_64-linux-gnu/libgdk-x11-2.0.so.0.2400.32
7f6466d2e000-7f6466f2d000 ---p 000b0000 08:11 11542354                   /usr/lib/x86_64-linux-gnu/libgdk-x11-2.0.so.0.2400.32
7f6466f2d000-7f6466f31000 r--p 000af000 08:11 11542354                   /usr/lib/x86_64-linux-gnu/libgdk-x11-2.0.so.0.2400.32
7f6466f31000-7f6466f33000 rw-p 000b3000 08:11 11542354                   /usr/lib/x86_64-linux-gnu/libgdk-x11-2.0.so.0.2400.32
7f6466f33000-7f6467368000 r-xp 00000000 08:11 11542503                   /usr/lib/x86_64-linux-gnu/libgtk-x11-2.0.so.0.2400.32
7f6467368000-7f6467567000 ---p 00435000 08:11 11542503                   /usr/lib/x86_64-linux-gnu/libgtk-x11-2.0.so.0.2400.32
7f6467567000-7f646756e000 r--p 00434000 08:11 11542503                   /usr/lib/x86_64-linux-gnu/libgtk-x11-2.0.so.0.2400.32
7f646756e000-7f6467572000 rw-p 0043b000 08:11 11542503                   /usr/lib/x86_64-linux-gnu/libgtk-x11-2.0.so.0.2400.32
7f6467572000-7f6467575000 rw-p 00000000 00:00 0 
7f6467575000-7f6467578000 ---p 00000000 00:00 0 
7f6467578000-7f6467676000 rw-p 00000000 00:00 0 
7f6467676000-7f646767b000 r-xp 00000000 08:11 11541910                   /usr/lib/x86_64-linux-gnu/libXfixes.so.3.1.0
7f646767b000-7f646787a000 ---p 00005000 08:11 11541910                   /usr/lib/x86_64-linux-gnu/libXfixes.so.3.1.0
7f646787a000-7f646787b000 r--p 00004000 08:11 11541910                   /usr/lib/x86_64-linux-gnu/libXfixes.so.3.1.0
7f646787b000-7f646787c000 rw-p 00005000 08:11 11541910                   /usr/lib/x86_64-linux-gnu/libXfixes.so.3.1.0
7f646787c000-7f6467885000 r-xp 00000000 08:11 11541902                   /usr/lib/x86_64-linux-gnu/libXcursor.so.1.0.2
7f6467885000-7f6467a84000 ---p 00009000 08:11 11541902                   /usr/lib/x86_64-linux-gnu/libXcursor.so.1.0.2
7f6467a84000-7f6467a85000 r--p 00008000 08:11 11541902                   /usr/lib/x86_64-linux-gnu/libXcursor.so.1.0.2
7f6467a85000-7f6467a86000 rw-p 00009000 08:11 11541902                   /usr/lib/x86_64-linux-gnu/libXcursor.so.1.0.2
7f6467a86000-7f6467a89000 ---p 00000000 00:00 0 
7f6467a89000-7f6467b87000 rw-p 00000000 00:00 0 
7f6467b87000-7f6467b9e000 r-xp 00000000 08:11 1443679                    /lib/x86_64-linux-gnu/libgcc_s.so.1
7f6467b9e000-7f6467d9d000 ---p 00017000 08:11 1443679                    /lib/x86_64-linux-gnu/libgcc_s.so.1
7f6467d9d000-7f6467d9e000 r--p 00016000 08:11 1443679                    /lib/x86_64-linux-gnu/libgcc_s.so.1
7f6467d9e000-7f6467d9f000 rw-p 00017000 08:11 1443679                    /lib/x86_64-linux-gnu/libgcc_s.so.1
7f6467d9f000-7f6467dfc000 r-xp 00000000 08:11 8783571                    /etc/opt/jdk1.8.0_191/jre/lib/amd64/libfontmanager.so
7f6467dfc000-7f6467ffc000 ---p 0005d000 08:11 8783571                    /etc/opt/jdk1.8.0_191/jre/lib/amd64/libfontmanager.so
7f6467ffc000-7f6467fff000 r--p 0005d000 08:11 8783571                    /etc/opt/jdk1.8.0_191/jre/lib/amd64/libfontmanager.so
7f6467fff000-7f6468000000 rw-p 00060000 08:11 8783571                    /etc/opt/jdk1.8.0_191/jre/lib/amd64/libfontmanager.so
7f6468000000-7f6468021000 rw-p 00000000 00:00 0 
7f6468021000-7f646c000000 ---p 00000000 00:00 0 
7f646c000000-7f646c021000 rw-p 00000000 00:00 0 
7f646c021000-7f6470000000 ---p 00000000 00:00 0 
7f6470000000-7f647086b000 rw-p 00000000 00:00 0 
7f647086b000-7f6474000000 ---p 00000000 00:00 0 
7f6474000000-7f647461a000 rw-p 00000000 00:00 0 
7f647461a000-7f6478000000 ---p 00000000 00:00 0 
7f6478000000-7f6478021000 rw-p 00000000 00:00 0 
7f6478021000-7f647c000000 ---p 00000000 00:00 0 
7f647c000000-7f647c949000 rw-p 00000000 00:00 0 
7f647c949000-7f6480000000 ---p 00000000 00:00 0 
7f6480000000-7f6480021000 rw-p 00000000 00:00 0 
7f6480021000-7f6484000000 ---p 00000000 00:00 0 
7f6484000000-7f6484021000 rw-p 00000000 00:00 0 
7f6484021000-7f6488000000 ---p 00000000 00:00 0 
7f6488000000-7f6488021000 rw-p 00000000 00:00 0 
7f6488021000-7f648c000000 ---p 00000000 00:00 0 
7f648c000000-7f648c021000 rw-p 00000000 00:00 0 
7f648c021000-7f6490000000 ---p 00000000 00:00 0 
7f6490000000-7f6490021000 rw-p 00000000 00:00 0 
7f6490021000-7f6494000000 ---p 00000000 00:00 0 
7f6494001000-7f6494006000 r--s 000a0000 08:11 8783431                    /etc/opt/jdk1.8.0_191/jre/lib/jsse.jar
7f6494006000-7f6494007000 r--s 00000000 08:11 8915188                    /home/spd3-linux/.local/share/mime/mime.cache
7f6494007000-7f6494009000 r--s 00000000 08:11 5374049                    /var/cache/fontconfig/99e8ed0e538f840c565b6ed5dad60d56-le64.cache-7
7f6494009000-7f649400e000 r--s 00000000 08:11 5374016                    /var/cache/fontconfig/2300eef321c393bfd76478a5c0e95b23-le64.cache-7
7f649400e000-7f649400f000 r--s 00000000 08:11 5374010                    /var/cache/fontconfig/0d8c3b2ac0904cb8a57a757ad11a4a08-le64.cache-7
7f649400f000-7f6494024000 r--s 00000000 08:11 5374007                    /var/cache/fontconfig/04aabc0a78ac019cf9454389977116d2-le64.cache-7
7f6494024000-7f6494025000 r--s 00000000 08:11 5374014                    /var/cache/fontconfig/1ac9eb803944fde146138c791f5cc56a-le64.cache-7
7f6494025000-7f6494029000 r--s 00000000 08:11 5374022                    /var/cache/fontconfig/385c0604a188198f04d133e54aba7fe7-le64.cache-7
7f6494029000-7f649402a000 r--s 00000000 08:11 5374068                    /var/cache/fontconfig/dc05db6664285cc2f12bf69c139ae4c3-le64.cache-7
7f649402a000-7f649402c000 r--s 00000000 08:11 5374011                    /var/cache/fontconfig/14a5e22175779b556eaa434240950366-le64.cache-7
7f649402c000-7f649402d000 r--s 00000000 08:11 5374038                    /var/cache/fontconfig/660208299946a285a940457d1287da33-le64.cache-7
7f649402d000-7f649402f000 r--s 00000000 08:11 5374029                    /var/cache/fontconfig/4f3e3037c9980c83b53a9351efadef62-le64.cache-7
7f649402f000-7f6494031000 r--s 00000000 08:11 5374043                    /var/cache/fontconfig/767a8244fc0220cfb567a839d0392e0b-le64.cache-7
7f6494031000-7f6494032000 r--s 00000000 08:11 5374025                    /var/cache/fontconfig/4794a0821666d79190d59a36cb4f44b5-le64.cache-7
7f6494032000-7f6494039000 r--s 00000000 08:11 5374046                    /var/cache/fontconfig/8801497958630a81b71ace7c5f9b32a8-le64.cache-7
7f6494039000-7f649403e000 r--s 00000000 08:11 5374069                    /var/cache/fontconfig/def309198bfa603429122923fa2bb2d4-le64.cache-7
7f649403e000-7f649403f000 r--s 00000000 08:11 5374056                    /var/cache/fontconfig/b872e6e592da6075ffa4ab0a1fcc0c75-le64.cache-7
7f649403f000-7f6494040000 r--s 00000000 08:11 5374074                    /var/cache/fontconfig/f6d4eedfaab2589bde49f7a3ff831d22-le64.cache-7
7f6494040000-7f6494041000 r--s 00000000 08:11 5374036                    /var/cache/fontconfig/589f83ef4c36d296ce6e1c846f468f08-le64.cache-7
7f6494041000-7f6494042000 r--s 00000000 08:11 5374058                    /var/cache/fontconfig/bab58bb527bb656aaa9f116d68a48d89-le64.cache-7
7f6494042000-7f6494043000 r--s 00000000 08:11 5374015                    /var/cache/fontconfig/2171a34dccabdb6bcbbc728186263178-le64.cache-7
7f6494043000-7f6494044000 r--s 00000000 08:11 5374059                    /var/cache/fontconfig/c5c45a61289222e0d30b1a26ef4effbe-le64.cache-7
7f6494044000-7f6494045000 r--s 00000000 08:11 5374054                    /var/cache/fontconfig/aec30016f93e1b46d1a973dce0d74068-le64.cache-7
7f6494045000-7f6494046000 r--s 00000000 08:11 5374023                    /var/cache/fontconfig/3f589640d34b7dc9042c8d453f7c8b9c-le64.cache-7
7f6494046000-7f6494047000 r--s 00000000 08:11 5374012                    /var/cache/fontconfig/16c2fda60d1b4b719f4b3d06fd951d25-le64.cache-7
7f6494047000-7f6494048000 r--s 00000000 08:11 5374053                    /var/cache/fontconfig/a48eab177a16e4f3713381162db2f3e9-le64.cache-7
7f6494048000-7f6494049000 r--s 00000000 08:11 5374032                    /var/cache/fontconfig/564b2e68ac9bc4e36a6f7f6d6125ec1c-le64.cache-7
7f6494049000-7f649404e000 r--s 00000000 08:11 5374051                    /var/cache/fontconfig/9d2451b1fd30e5bffe8383fd27c35478-le64.cache-7
7f649404e000-7f6494054000 r--s 00000000 08:11 5374017                    /var/cache/fontconfig/3047814df9a2f067bd2d96a2b9c36e5a-le64.cache-7
7f6494054000-7f6494055000 r--s 00000000 08:11 5374033                    /var/cache/fontconfig/56cf4f4769d0f4abc89a4895d7bd3ae1-le64.cache-7
7f6494055000-7f6494056000 r--s 00000000 08:11 5374057                    /var/cache/fontconfig/b9d506c9ac06c20b433354fa67a72993-le64.cache-7
7f6494056000-7f649405c000 r--s 00000000 08:11 5374055                    /var/cache/fontconfig/b47c4e1ecd0709278f4910c18777a504-le64.cache-7
7f649405c000-7f649406f000 r--s 00000000 08:11 5374065                    /var/cache/fontconfig/d52a8644073d54c13679302ca1180695-le64.cache-7
7f649406f000-7f6494070000 r--s 00000000 08:11 5374020                    /var/cache/fontconfig/370e5b74bf5dafc30834de68e24a87a4-le64.cache-7
7f6494070000-7f6494071000 r--s 00000000 08:11 5374041                    /var/cache/fontconfig/6b2c5944714ca7831b25bed9e85cb5c8-le64.cache-7
7f6494071000-7f6494074000 r--s 00000000 08:11 5374073                    /var/cache/fontconfig/f259c2cffa685e28062317905db73c4a-le64.cache-7
7f6494074000-7f6494087000 r-xp 00000000 08:11 1446487                    /lib/x86_64-linux-gnu/libbsd.so.0.8.7
7f6494087000-7f6494286000 ---p 00013000 08:11 1446487                    /lib/x86_64-linux-gnu/libbsd.so.0.8.7
7f6494286000-7f6494287000 r--p 00012000 08:11 1446487                    /lib/x86_64-linux-gnu/libbsd.so.0.8.7
7f6494287000-7f6494288000 rw-p 00013000 08:11 1446487                    /lib/x86_64-linux-gnu/libbsd.so.0.8.7
7f6494288000-7f6494289000 rw-p 00000000 00:00 0 
7f6494289000-7f649428e000 r-xp 00000000 08:11 11541906                   /usr/lib/x86_64-linux-gnu/libXdmcp.so.6.0.0
7f649428e000-7f649448d000 ---p 00005000 08:11 11541906                   /usr/lib/x86_64-linux-gnu/libXdmcp.so.6.0.0
7f649448d000-7f649448e000 r--p 00004000 08:11 11541906                   /usr/lib/x86_64-linux-gnu/libXdmcp.so.6.0.0
7f649448e000-7f649448f000 rw-p 00005000 08:11 11541906                   /usr/lib/x86_64-linux-gnu/libXdmcp.so.6.0.0
7f649448f000-7f6494491000 r-xp 00000000 08:11 11541895                   /usr/lib/x86_64-linux-gnu/libXau.so.6.0.0
7f6494491000-7f6494691000 ---p 00002000 08:11 11541895                   /usr/lib/x86_64-linux-gnu/libXau.so.6.0.0
7f6494691000-7f6494692000 r--p 00002000 08:11 11541895                   /usr/lib/x86_64-linux-gnu/libXau.so.6.0.0
7f6494692000-7f6494693000 rw-p 00003000 08:11 11541895                   /usr/lib/x86_64-linux-gnu/libXau.so.6.0.0
7f6494693000-7f64946b9000 r-xp 00000000 08:11 11543234                   /usr/lib/x86_64-linux-gnu/libxcb.so.1.1.0
7f64946b9000-7f64948b9000 ---p 00026000 08:11 11543234                   /usr/lib/x86_64-linux-gnu/libxcb.so.1.1.0
7f64948b9000-7f64948ba000 r--p 00026000 08:11 11543234                   /usr/lib/x86_64-linux-gnu/libxcb.so.1.1.0
7f64948ba000-7f64948bb000 rw-p 00027000 08:11 11543234                   /usr/lib/x86_64-linux-gnu/libxcb.so.1.1.0
7f64948bb000-7f64948ca000 r-xp 00000000 08:11 11541916                   /usr/lib/x86_64-linux-gnu/libXi.so.6.1.0
7f64948ca000-7f6494ac9000 ---p 0000f000 08:11 11541916                   /usr/lib/x86_64-linux-gnu/libXi.so.6.1.0
7f6494ac9000-7f6494aca000 r--p 0000e000 08:11 11541916                   /usr/lib/x86_64-linux-gnu/libXi.so.6.1.0
7f6494aca000-7f6494acb000 rw-p 0000f000 08:11 11541916                   /usr/lib/x86_64-linux-gnu/libXi.so.6.1.0
7f6494acb000-7f6494ad0000 r-xp 00000000 08:11 11541934                   /usr/lib/x86_64-linux-gnu/libXtst.so.6.1.0
7f6494ad0000-7f6494ccf000 ---p 00005000 08:11 11541934                   /usr/lib/x86_64-linux-gnu/libXtst.so.6.1.0
7f6494ccf000-7f6494cd0000 r--p 00004000 08:11 11541934                   /usr/lib/x86_64-linux-gnu/libXtst.so.6.1.0
7f6494cd0000-7f6494cd1000 rw-p 00005000 08:11 11541934                   /usr/lib/x86_64-linux-gnu/libXtst.so.6.1.0
7f6494cd1000-7f6494cda000 r-xp 00000000 08:11 11541928                   /usr/lib/x86_64-linux-gnu/libXrender.so.1.3.0
7f6494cda000-7f6494ed9000 ---p 00009000 08:11 11541928                   /usr/lib/x86_64-linux-gnu/libXrender.so.1.3.0
7f6494ed9000-7f6494eda000 r--p 00008000 08:11 11541928                   /usr/lib/x86_64-linux-gnu/libXrender.so.1.3.0
7f6494eda000-7f6494edb000 rw-p 00009000 08:11 11541928                   /usr/lib/x86_64-linux-gnu/libXrender.so.1.3.0
7f6494edb000-7f649500e000 r-xp 00000000 08:11 11541721                   /usr/lib/x86_64-linux-gnu/libX11.so.6.3.0
7f649500e000-7f649520e000 ---p 00133000 08:11 11541721                   /usr/lib/x86_64-linux-gnu/libX11.so.6.3.0
7f649520e000-7f649520f000 r--p 00133000 08:11 11541721                   /usr/lib/x86_64-linux-gnu/libX11.so.6.3.0
7f649520f000-7f6495213000 rw-p 00134000 08:11 11541721                   /usr/lib/x86_64-linux-gnu/libX11.so.6.3.0
7f6495213000-7f6495224000 r-xp 00000000 08:11 11541908                   /usr/lib/x86_64-linux-gnu/libXext.so.6.4.0
7f6495224000-7f6495423000 ---p 00011000 08:11 11541908                   /usr/lib/x86_64-linux-gnu/libXext.so.6.4.0
7f6495423000-7f6495424000 r--p 00010000 08:11 11541908                   /usr/lib/x86_64-linux-gnu/libXext.so.6.4.0
7f6495424000-7f6495425000 rw-p 00011000 08:11 11541908                   /usr/lib/x86_64-linux-gnu/libXext.so.6.4.0
7f6495425000-7f6495478000 r-xp 00000000 08:11 8783598                    /etc/opt/jdk1.8.0_191/jre/lib/amd64/libawt_xawt.so
7f6495478000-7f6495677000 ---p 00053000 08:11 8783598                    /etc/opt/jdk1.8.0_191/jre/lib/amd64/libawt_xawt.so
7f6495677000-7f6495678000 r--p 00052000 08:11 8783598                    /etc/opt/jdk1.8.0_191/jre/lib/amd64/libawt_xawt.so
7f6495678000-7f649567b000 rw-p 00053000 08:11 8783598                    /etc/opt/jdk1.8.0_191/jre/lib/amd64/libawt_xawt.so
7f649567b000-7f649567c000 rw-p 00000000 00:00 0 
7f649567c000-7f649571b000 r-xp 00000000 08:11 8783584                    /etc/opt/jdk1.8.0_191/jre/lib/amd64/libawt.so
7f649571b000-7f649591b000 ---p 0009f000 08:11 8783584                    /etc/opt/jdk1.8.0_191/jre/lib/amd64/libawt.so
7f649591b000-7f649591c000 r--p 0009f000 08:11 8783584                    /etc/opt/jdk1.8.0_191/jre/lib/amd64/libawt.so
7f649591c000-7f6495927000 rw-p 000a0000 08:11 8783584                    /etc/opt/jdk1.8.0_191/jre/lib/amd64/libawt.so
7f6495927000-7f649594c000 rw-p 00000000 00:00 0 
7f649594c000-7f649594d000 ---p 00000000 00:00 0 
7f649594d000-7f6495a4d000 rw-p 00000000 00:00 0 
7f6495a4d000-7f6495a50000 ---p 00000000 00:00 0 
7f6495a50000-7f6495b4e000 rw-p 00000000 00:00 0 
7f6495b4e000-7f6495b4f000 ---p 00000000 00:00 0 
7f6495b4f000-7f6495b52000 ---p 00000000 00:00 0 
7f6495b52000-7f6495c4f000 rw-p 00000000 00:00 0 
7f6495c4f000-7f6495c50000 ---p 00000000 00:00 0 
7f6495c50000-7f6495c53000 ---p 00000000 00:00 0 
7f6495c53000-7f6495d50000 rw-p 00000000 00:00 0 
7f6495d50000-7f6495d51000 ---p 00000000 00:00 0 
7f6495d51000-7f6495d54000 ---p 00000000 00:00 0 
7f6495d54000-7f6495e51000 rw-p 00000000 00:00 0 
7f6495e51000-7f6495e54000 ---p 00000000 00:00 0 
7f6495e54000-7f6495f52000 rw-p 00000000 00:00 0 
7f6495f52000-7f6496231000 r--p 00000000 08:11 11540783                   /usr/lib/locale/locale-archive
7f6496231000-7f6496234000 ---p 00000000 00:00 0 
7f6496234000-7f6496332000 rw-p 00000000 00:00 0 
7f6496332000-7f6496335000 ---p 00000000 00:00 0 
7f6496335000-7f6496433000 rw-p 00000000 00:00 0 
7f6496433000-7f6496434000 ---p 00000000 00:00 0 
7f6496434000-7f6497241000 rw-p 00000000 00:00 0 
7f6497241000-7f649741b000 r--s 03d6c000 08:11 8783374                    /etc/opt/jdk1.8.0_191/jre/lib/rt.jar
7f649741b000-7f6498000000 rw-p 00000000 00:00 0 
7f6498000000-7f6498021000 rw-p 00000000 00:00 0 
7f6498021000-7f649c000000 ---p 00000000 00:00 0 
7f649c000000-7f649c001000 r--s 00000000 08:11 5374064                    /var/cache/fontconfig/d5178ab6d91b49bf20a416737dcea9e8-le64.cache-7
7f649c001000-7f649c002000 r--s 00000000 08:11 5374031                    /var/cache/fontconfig/551ecf3b0e8b0bca0f25c0944f561853-le64.cache-7
7f649c002000-7f649c004000 r--s 00000000 08:11 5374030                    /var/cache/fontconfig/550f3886151c940c12a5ed35f6a00586-le64.cache-7
7f649c004000-7f649c007000 r--s 00000000 08:11 5374039                    /var/cache/fontconfig/674d1711f2d1d2a09646eb0bdcadee49-le64.cache-7
7f649c007000-7f649c008000 r--s 00000000 08:11 5374024                    /var/cache/fontconfig/3f7329c5293ffd510edef78f73874cfd-le64.cache-7
7f649c008000-7f649c014000 r--s 00000000 08:11 5374066                    /var/cache/fontconfig/d589a48862398ed80a3d6066f4f56f4c-le64.cache-7
7f649c014000-7f649c015000 r--s 00000000 08:11 5374018                    /var/cache/fontconfig/30829fa25452a46451e813d634d7f916-le64.cache-7
7f649c015000-7f649c016000 r--s 00000000 08:11 5374009                    /var/cache/fontconfig/0c9eb80ebd1c36541ebe2852d3bb0c49-le64.cache-7
7f649c016000-7f649c024000 r--s 00000000 08:11 5374050                    /var/cache/fontconfig/9b89f8e3dae116d678bbf48e5f21f69b-le64.cache-7
7f649c024000-7f649c02d000 r--s 00000000 08:11 5374062                    /var/cache/fontconfig/d0972c3d32f097851eb916381fc38920-le64.cache-7
7f649c02d000-7f649c02e000 r--p 00000000 08:11 5386513                    /var/lib/flatpak/exports/share/icons/hicolor/icon-theme.cache
7f649c02e000-7f649c037000 r--p 00000000 08:11 12062423                   /usr/share/icons/Adwaita/icon-theme.cache
7f649c037000-7f649c045000 rwxp 00000000 00:00 0 
7f649c045000-7f649c055000 r--s 0022d000 08:11 11053980                   /home/spd3-linux/rea de Trabalho/BACKUP PRINCIPAL/EGGCF PORTARIA/v2.4/EGGCF_Portaria/lib/itextpdf-5.5.9-sources.jar
7f649c055000-7f649c06d000 r--s 00217000 08:11 11053979                   /home/spd3-linux/rea de Trabalho/BACKUP PRINCIPAL/EGGCF PORTARIA/v2.4/EGGCF_Portaria/lib/itextpdf-5.5.9.jar
7f649c06d000-7f64a0000000 rw-p 00000000 00:00 0 
7f64a0000000-7f64a0021000 rw-p 00000000 00:00 0 
7f64a0021000-7f64a4000000 ---p 00000000 00:00 0 
7f64a4000000-7f64a4001000 r--s 00000000 08:11 5374028                    /var/cache/fontconfig/4d9c95eba1cb85bbcf2878543262124a-le64.cache-7
7f64a4001000-7f64a4002000 r--s 00000000 08:11 5374045                    /var/cache/fontconfig/85e0a52ce643a7ba2ae53e5d6949cead-le64.cache-7
7f64a4002000-7f64a4004000 r--s 00000000 08:11 5374040                    /var/cache/fontconfig/6afa1bb216ce958c1589e297e8008489-le64.cache-7
7f64a4004000-7f64a41bd000 rw-p 00000000 00:00 0 
7f64a41bd000-7f64a41be000 ---p 00000000 00:00 0 
7f64a41be000-7f64a42be000 rw-p 00000000 00:00 0 
7f64a42be000-7f64a42bf000 ---p 00000000 00:00 0 
7f64a42bf000-7f64a43bf000 rw-p 00000000 00:00 0 
7f64a43bf000-7f64a43c0000 ---p 00000000 00:00 0 
7f64a43c0000-7f64a44c0000 rw-p 00000000 00:00 0 
7f64a44c0000-7f64a44c1000 ---p 00000000 00:00 0 
7f64a44c1000-7f64a45f9000 rw-p 00000000 00:00 0 
7f64a45f9000-7f64a485a000 ---p 00000000 00:00 0 
7f64a485a000-7f64a4892000 rw-p 00000000 00:00 0 
7f64a4892000-7f64a4af2000 ---p 00000000 00:00 0 
7f64a4af2000-7f64a4b18000 rw-p 00000000 00:00 0 
7f64a4b18000-7f64a4c3f000 ---p 00000000 00:00 0 
7f64a4c3f000-7f64a4c5f000 rw-p 00000000 00:00 0 
7f64a4c5f000-7f64a5000000 ---p 00000000 00:00 0 
7f64a5000000-7f64a57a0000 rwxp 00000000 00:00 0 
7f64a57a0000-7f64b4000000 ---p 00000000 00:00 0 
7f64b4000000-7f64b4596000 rw-p 00000000 00:00 0 
7f64b4596000-7f64b8000000 ---p 00000000 00:00 0 
7f64b8000000-7f64b8001000 r--s 00000000 08:11 5374026                    /var/cache/fontconfig/49f0de54bdd920fe4f0dfd4cbac43e6b-le64.cache-7
7f64b8001000-7f64b8005000 r--s 00000000 08:11 5374044                    /var/cache/fontconfig/7ef2298fde41cc6eeb7af42e48b7d293-le64.cache-7
7f64b8005000-7f64b8054000 rw-p 00000000 00:00 0 
7f64b8054000-7f64b806e000 r-xp 00000000 08:11 8783587                    /etc/opt/jdk1.8.0_191/jre/lib/amd64/libzip.so
7f64b806e000-7f64b826e000 ---p 0001a000 08:11 8783587                    /etc/opt/jdk1.8.0_191/jre/lib/amd64/libzip.so
7f64b826e000-7f64b826f000 r--p 0001a000 08:11 8783587                    /etc/opt/jdk1.8.0_191/jre/lib/amd64/libzip.so
7f64b826f000-7f64b8270000 rw-p 0001b000 08:11 8783587                    /etc/opt/jdk1.8.0_191/jre/lib/amd64/libzip.so
7f64b8270000-7f64b827b000 r-xp 00000000 08:11 1446581                    /lib/x86_64-linux-gnu/libnss_files-2.27.so
7f64b827b000-7f64b847a000 ---p 0000b000 08:11 1446581                    /lib/x86_64-linux-gnu/libnss_files-2.27.so
7f64b847a000-7f64b847b000 r--p 0000a000 08:11 1446581                    /lib/x86_64-linux-gnu/libnss_files-2.27.so
7f64b847b000-7f64b847c000 rw-p 0000b000 08:11 1446581                    /lib/x86_64-linux-gnu/libnss_files-2.27.so
7f64b847c000-7f64b8482000 rw-p 00000000 00:00 0 
7f64b8482000-7f64b8499000 r-xp 00000000 08:11 1446575                    /lib/x86_64-linux-gnu/libnsl-2.27.so
7f64b8499000-7f64b8698000 ---p 00017000 08:11 1446575                    /lib/x86_64-linux-gnu/libnsl-2.27.so
7f64b8698000-7f64b8699000 r--p 00016000 08:11 1446575                    /lib/x86_64-linux-gnu/libnsl-2.27.so
7f64b8699000-7f64b869a000 rw-p 00017000 08:11 1446575                    /lib/x86_64-linux-gnu/libnsl-2.27.so
7f64b869a000-7f64b869c000 rw-p 00000000 00:00 0 
7f64b869c000-7f64b86a7000 r-xp 00000000 08:11 1446592                    /lib/x86_64-linux-gnu/libnss_nis-2.27.so
7f64b86a7000-7f64b88a6000 ---p 0000b000 08:11 1446592                    /lib/x86_64-linux-gnu/libnss_nis-2.27.so
7f64b88a6000-7f64b88a7000 r--p 0000a000 08:11 1446592                    /lib/x86_64-linux-gnu/libnss_nis-2.27.so
7f64b88a7000-7f64b88a8000 rw-p 0000b000 08:11 1446592                    /lib/x86_64-linux-gnu/libnss_nis-2.27.so
7f64b88a8000-7f64b88b0000 r-xp 00000000 08:11 1446577                    /lib/x86_64-linux-gnu/libnss_compat-2.27.so
7f64b88b0000-7f64b8ab0000 ---p 00008000 08:11 1446577                    /lib/x86_64-linux-gnu/libnss_compat-2.27.so
7f64b8ab0000-7f64b8ab1000 r--p 00008000 08:11 1446577                    /lib/x86_64-linux-gnu/libnss_compat-2.27.so
7f64b8ab1000-7f64b8ab2000 rw-p 00009000 08:11 1446577                    /lib/x86_64-linux-gnu/libnss_compat-2.27.so
7f64b8ab2000-7f64b8adf000 r-xp 00000000 08:11 8783581                    /etc/opt/jdk1.8.0_191/jre/lib/amd64/libjava.so
7f64b8adf000-7f64b8cde000 ---p 0002d000 08:11 8783581                    /etc/opt/jdk1.8.0_191/jre/lib/amd64/libjava.so
7f64b8cde000-7f64b8cdf000 r--p 0002c000 08:11 8783581                    /etc/opt/jdk1.8.0_191/jre/lib/amd64/libjava.so
7f64b8cdf000-7f64b8ce1000 rw-p 0002d000 08:11 8783581                    /etc/opt/jdk1.8.0_191/jre/lib/amd64/libjava.so
7f64b8ce1000-7f64b8cee000 r-xp 00000000 08:11 8783586                    /etc/opt/jdk1.8.0_191/jre/lib/amd64/libverify.so
7f64b8cee000-7f64b8eed000 ---p 0000d000 08:11 8783586                    /etc/opt/jdk1.8.0_191/jre/lib/amd64/libverify.so
7f64b8eed000-7f64b8eef000 r--p 0000c000 08:11 8783586                    /etc/opt/jdk1.8.0_191/jre/lib/amd64/libverify.so
7f64b8eef000-7f64b8ef0000 rw-p 0000e000 08:11 8783586                    /etc/opt/jdk1.8.0_191/jre/lib/amd64/libverify.so
7f64b8ef0000-7f64b8ef7000 r-xp 00000000 08:11 1446632                    /lib/x86_64-linux-gnu/librt-2.27.so
7f64b8ef7000-7f64b90f6000 ---p 00007000 08:11 1446632                    /lib/x86_64-linux-gnu/librt-2.27.so
7f64b90f6000-7f64b90f7000 r--p 00006000 08:11 1446632                    /lib/x86_64-linux-gnu/librt-2.27.so
7f64b90f7000-7f64b90f8000 rw-p 00007000 08:11 1446632                    /lib/x86_64-linux-gnu/librt-2.27.so
7f64b90f8000-7f64b9295000 r-xp 00000000 08:11 1446554                    /lib/x86_64-linux-gnu/libm-2.27.so
7f64b9295000-7f64b9494000 ---p 0019d000 08:11 1446554                    /lib/x86_64-linux-gnu/libm-2.27.so
7f64b9494000-7f64b9495000 r--p 0019c000 08:11 1446554                    /lib/x86_64-linux-gnu/libm-2.27.so
7f64b9495000-7f64b9496000 rw-p 0019d000 08:11 1446554                    /lib/x86_64-linux-gnu/libm-2.27.so
7f64b9496000-7f64ba178000 r-xp 00000000 08:11 8783563                    /etc/opt/jdk1.8.0_191/jre/lib/amd64/server/libjvm.so
7f64ba178000-7f64ba378000 ---p 00ce2000 08:11 8783563                    /etc/opt/jdk1.8.0_191/jre/lib/amd64/server/libjvm.so
7f64ba378000-7f64ba40e000 r--p 00ce2000 08:11 8783563                    /etc/opt/jdk1.8.0_191/jre/lib/amd64/server/libjvm.so
7f64ba40e000-7f64ba43f000 rw-p 00d78000 08:11 8783563                    /etc/opt/jdk1.8.0_191/jre/lib/amd64/server/libjvm.so
7f64ba43f000-7f64ba47a000 rw-p 00000000 00:00 0 
7f64ba47a000-7f64ba661000 r-xp 00000000 08:11 1446491                    /lib/x86_64-linux-gnu/libc-2.27.so
7f64ba661000-7f64ba861000 ---p 001e7000 08:11 1446491                    /lib/x86_64-linux-gnu/libc-2.27.so
7f64ba861000-7f64ba865000 r--p 001e7000 08:11 1446491                    /lib/x86_64-linux-gnu/libc-2.27.so
7f64ba865000-7f64ba867000 rw-p 001eb000 08:11 1446491                    /lib/x86_64-linux-gnu/libc-2.27.so
7f64ba867000-7f64ba86b000 rw-p 00000000 00:00 0 
7f64ba86b000-7f64ba86e000 r-xp 00000000 08:11 1446514                    /lib/x86_64-linux-gnu/libdl-2.27.so
7f64ba86e000-7f64baa6d000 ---p 00003000 08:11 1446514                    /lib/x86_64-linux-gnu/libdl-2.27.so
7f64baa6d000-7f64baa6e000 r--p 00002000 08:11 1446514                    /lib/x86_64-linux-gnu/libdl-2.27.so
7f64baa6e000-7f64baa6f000 rw-p 00003000 08:11 1446514                    /lib/x86_64-linux-gnu/libdl-2.27.so
7f64baa6f000-7f64baa86000 r-xp 00000000 08:11 8783236                    /etc/opt/jdk1.8.0_191/lib/amd64/jli/libjli.so
7f64baa86000-7f64bac85000 ---p 00017000 08:11 8783236                    /etc/opt/jdk1.8.0_191/lib/amd64/jli/libjli.so
7f64bac85000-7f64bac86000 r--p 00016000 08:11 8783236                    /etc/opt/jdk1.8.0_191/lib/amd64/jli/libjli.so
7f64bac86000-7f64bac87000 rw-p 00017000 08:11 8783236                    /etc/opt/jdk1.8.0_191/lib/amd64/jli/libjli.so
7f64bac87000-7f64baca1000 r-xp 00000000 08:11 1446624                    /lib/x86_64-linux-gnu/libpthread-2.27.so
7f64baca1000-7f64baea0000 ---p 0001a000 08:11 1446624                    /lib/x86_64-linux-gnu/libpthread-2.27.so
7f64baea0000-7f64baea1000 r--p 00019000 08:11 1446624                    /lib/x86_64-linux-gnu/libpthread-2.27.so
7f64baea1000-7f64baea2000 rw-p 0001a000 08:11 1446624                    /lib/x86_64-linux-gnu/libpthread-2.27.so
7f64baea2000-7f64baea6000 rw-p 00000000 00:00 0 
7f64baea6000-7f64baecd000 r-xp 00000000 08:11 1446463                    /lib/x86_64-linux-gnu/ld-2.27.so
7f64baecd000-7f64baed0000 r--s 00000000 08:11 5382655                    /var/cache/fontconfig/e13b20fdb08344e0e664864cc2ede53d-le64.cache-7
7f64baed0000-7f64baed5000 r--s 002f9000 08:11 8783372                    /etc/opt/jdk1.8.0_191/jre/lib/charsets.jar
7f64baed5000-7f64baedb000 r--s 00023000 08:11 11053981                   /home/spd3-linux/rea de Trabalho/BACKUP PRINCIPAL/EGGCF PORTARIA/v2.4/EGGCF_Portaria/lib/jcalendar-1.4.jar
7f64baedb000-7f64baee4000 r--s 000dc000 08:11 11053977                   /home/spd3-linux/rea de Trabalho/BACKUP PRINCIPAL/EGGCF PORTARIA/v2.4/EGGCF_Portaria/lib/bridj-0.7.0.jar
7f64baee4000-7f64bafaf000 rw-p 00000000 00:00 0 
7f64bafaf000-7f64bafb0000 ---p 00000000 00:00 0 
7f64bafb0000-7f64bafb3000 ---p 00000000 00:00 0 
7f64bafb3000-7f64bb0b2000 rw-p 00000000 00:00 0 
7f64bb0b2000-7f64bb0b3000 r--s 00000000 08:11 5374075                    /var/cache/fontconfig/f6e6e0a5c3d2f6ae0c0c2e0ecd42a997-le64.cache-7
7f64bb0b3000-7f64bb0b4000 r--s 00000000 08:11 14683716                   /opt/netbeans/java/modules/ext/AbsoluteLayout.jar
7f64bb0b4000-7f64bb0b6000 r--s 00005000 08:11 11053976                   /home/spd3-linux/rea de Trabalho/BACKUP PRINCIPAL/EGGCF PORTARIA/v2.4/EGGCF_Portaria/lib/slf4j-api-1.7.2.jar
7f64bb0b6000-7f64bb0ba000 r--s 00065000 08:11 11053975                   /home/spd3-linux/rea de Trabalho/BACKUP PRINCIPAL/EGGCF PORTARIA/v2.4/EGGCF_Portaria/lib/webcam-capture-0.3.12.jar
7f64bb0ba000-7f64bb0c1000 r--s 000c7000 08:11 14551348                   /opt/netbeans/ide/modules/ext/mysql-connector-java-5.1.23-bin.jar
7f64bb0c1000-7f64bb0c9000 rw-s 00000000 08:11 8789075                    /tmp/hsperfdata_spd3-linux/5479
7f64bb0c9000-7f64bb0ca000 rw-p 00000000 00:00 0 
7f64bb0ca000-7f64bb0cb000 r--p 00000000 00:00 0 
7f64bb0cb000-7f64bb0cd000 rw-p 00000000 00:00 0 
7f64bb0cd000-7f64bb0ce000 r--p 00027000 08:11 1446463                    /lib/x86_64-linux-gnu/ld-2.27.so
7f64bb0ce000-7f64bb0cf000 rw-p 00028000 08:11 1446463                    /lib/x86_64-linux-gnu/ld-2.27.so
7f64bb0cf000-7f64bb0d0000 rw-p 00000000 00:00 0 
7ffefeb24000-7ffefeb45000 rw-p 00000000 00:00 0                          [stack]
7ffefebb6000-7ffefebb9000 r--p 00000000 00:00 0                          [vvar]
7ffefebb9000-7ffefebbb000 r-xp 00000000 00:00 0                          [vdso]
ffffffffff600000-ffffffffff601000 r-xp 00000000 00:00 0                  [vsyscall]

VM Arguments:
jvm_args: -Dfile.encoding=UTF-8 
java_command: View.Cadastro
java_class_path (initial): /opt/netbeans/ide/modules/ext/mysql-connector-java-5.1.23-bin.jar:/home/spd3-linux/rea de Trabalho/BACKUP PRINCIPAL/EGGCF PORTARIA/v2.4/EGGCF_Portaria/lib/webcam-capture-0.3.12.jar:/home/spd3-linux/rea de Trabalho/BACKUP PRINCIPAL/EGGCF PORTARIA/v2.4/EGGCF_Portaria/lib/slf4j-api-1.7.2.jar:/home/spd3-linux/rea de Trabalho/BACKUP PRINCIPAL/EGGCF PORTARIA/v2.4/EGGCF_Portaria/lib/bridj-0.7.0.jar:/opt/netbeans/java/modules/ext/AbsoluteLayout.jar:/home/spd3-linux/rea de Trabalho/BACKUP PRINCIPAL/EGGCF PORTARIA/v2.4/EGGCF_Portaria/lib/itextpdf-5.5.9.jar:/home/spd3-linux/rea de Trabalho/BACKUP PRINCIPAL/EGGCF PORTARIA/v2.4/EGGCF_Portaria/lib/itextpdf-5.5.9-sources.jar:/home/spd3-linux/rea de Trabalho/BACKUP PRINCIPAL/EGGCF PORTARIA/v2.4/EGGCF_Portaria/lib/jcalendar-1.4.jar:/home/spd3-linux/rea de Trabalho/BACKUP PRINCIPAL/EGGCF PORTARIA/v2.4/EGGCF_Portaria/build/classes
Launcher Type: SUN_STANDARD

Environment Variables:
JAVA_HOME=/etc/opt/jdk1.8.0_191
CLASSPATH=.:/etc/opt/jdk1.8.0_191/lib/tools.jar
PATH=/etc/opt/jdk1.8.0_191/bin:/usr/local/sbin:/usr/local/bin:/usr/sbin:/usr/bin:/sbin:/bin:/usr/games:/usr/local/games
LD_LIBRARY_PATH=/etc/opt/jdk1.8.0_191/bin/../jre/lib/amd64:/etc/opt/jdk1.8.0_191/bin/../jre/lib/i386:
SHELL=/bin/bash
DISPLAY=:0

Signal Handlers:
SIGSEGV: [libjvm.so+0xaced60], sa_mask[0]=11111111011111111101111111111110, sa_flags=SA_RESTART|SA_SIGINFO
SIGBUS: [libjvm.so+0xaced60], sa_mask[0]=11111111011111111101111111111110, sa_flags=SA_RESTART|SA_SIGINFO
SIGFPE: [libjvm.so+0x907ca0], sa_mask[0]=11111111011111111101111111111110, sa_flags=SA_RESTART|SA_SIGINFO
SIGPIPE: SIG_IGN, sa_mask[0]=00000000000010000000000000000000, sa_flags=SA_RESTART
SIGXFSZ: [libjvm.so+0x907ca0], sa_mask[0]=11111111011111111101111111111110, sa_flags=SA_RESTART|SA_SIGINFO
SIGILL: [libjvm.so+0x907ca0], sa_mask[0]=11111111011111111101111111111110, sa_flags=SA_RESTART|SA_SIGINFO
SIGUSR1: SIG_DFL, sa_mask[0]=00000000000000000000000000000000, sa_flags=none
SIGUSR2: [libjvm.so+0x907b70], sa_mask[0]=00100000000000000000000000000000, sa_flags=SA_RESTART|SA_SIGINFO
SIGHUP: [libjvm.so+0x908190], sa_mask[0]=11111111011111111101111111111110, sa_flags=SA_RESTART|SA_SIGINFO
SIGINT: SIG_IGN, sa_mask[0]=00000000000000000000000000000000, sa_flags=none
SIGTERM: [libjvm.so+0x908190], sa_mask[0]=11111111011111111101111111111110, sa_flags=SA_RESTART|SA_SIGINFO
SIGQUIT: [libjvm.so+0x908190], sa_mask[0]=11111111011111111101111111111110, sa_flags=SA_RESTART|SA_SIGINFO


---------------  S Y S T E M  ---------------

OS:DISTRIB_ID=LinuxMint
DISTRIB_RELEASE=19
DISTRIB_CODENAME=tara
DISTRIB_DESCRIPTION="Linux Mint 19 Tara"

uname:Linux 4.15.0-20-generic #21-Ubuntu SMP Tue Apr 24 06:16:15 UTC 2018 x86_64
libc:glibc 2.27 NPTL 2.27 
rlimit: STACK 8192k, CORE 0k, NPROC 31390, NOFILE 1048576, AS infinity
load average:1,42 1,35 1,33

/proc/meminfo:
MemTotal:        8164628 kB
MemFree:          544460 kB
MemAvailable:    2511636 kB
Buffers:          133088 kB
Cached:          2158012 kB
SwapCached:            0 kB
Active:          3295040 kB
Inactive:        1711596 kB
Active(anon):    2716780 kB
Inactive(anon):   174608 kB
Active(file):     578260 kB
Inactive(file):  1536988 kB
Unevictable:          48 kB
Mlocked:              48 kB
SwapTotal:       2097148 kB
SwapFree:        2097148 kB
Dirty:               928 kB
Writeback:             0 kB
AnonPages:       2715660 kB
Mapped:          2913684 kB
Shmem:            175856 kB
Slab:             208672 kB
SReclaimable:     142732 kB
SUnreclaim:        65940 kB
KernelStack:       12128 kB
PageTables:        64424 kB
NFS_Unstable:          0 kB
Bounce:                0 kB
WritebackTmp:          0 kB
CommitLimit:     6179460 kB
Committed_AS:   12422304 kB
VmallocTotal:   34359738367 kB
VmallocUsed:           0 kB
VmallocChunk:          0 kB
HardwareCorrupted:     0 kB
AnonHugePages:      2048 kB
ShmemHugePages:        0 kB
ShmemPmdMapped:        0 kB
CmaTotal:              0 kB
CmaFree:               0 kB
HugePages_Total:       0
HugePages_Free:        0
HugePages_Rsvd:        0
HugePages_Surp:        0
Hugepagesize:       2048 kB
DirectMap4k:      186136 kB
DirectMap2M:     6100992 kB
DirectMap1G:     2097152 kB

container (cgroup) information:
container_type: cgroupv1
cpu_cpuset_cpus: 0-3
cpu_memory_nodes: 0
active_processor_count: 4
cpu_quota: -1
cpu_period: 100000
cpu_shares: -1
memory_limit_in_bytes: -1
memory_and_swap_limit_in_bytes: -2
memory_soft_limit_in_bytes: -1
memory_usage_in_bytes: 5127241728
memory_max_usage_in_bytes: 0


CPU:total 4 (initial active 4) (4 cores per cpu, 1 threads per core) family 16 model 4 stepping 2, cmov, cx8, fxsr, mmx, sse, sse2, sse3, popcnt, mmxext, 3dnowpref, lzcnt, sse4a, tsc, tscinvbit, tscinv

/proc/cpuinfo:
processor	: 0
vendor_id	: AuthenticAMD
cpu family	: 16
model		: 4
model name	: AMD Phenom(tm) II X4 B95 Processor
stepping	: 2
microcode	: 0x1000086
cpu MHz		: 3000.000
cache size	: 512 KB
physical id	: 0
siblings	: 4
core id		: 0
cpu cores	: 4
apicid		: 0
initial apicid	: 0
fpu		: yes
fpu_exception	: yes
cpuid level	: 5
wp		: yes
flags		: fpu vme de pse tsc msr pae mce cx8 apic sep mtrr pge mca cmov pat pse36 clflush mmx fxsr sse sse2 ht syscall nx mmxext fxsr_opt pdpe1gb rdtscp lm 3dnowext 3dnow constant_tsc rep_good nopl nonstop_tsc cpuid extd_apicid pni monitor cx16 popcnt lahf_lm cmp_legacy svm extapic cr8_legacy abm sse4a misalignsse 3dnowprefetch osvw ibs skinit wdt hw_pstate vmmcall npt lbrv svm_lock nrip_save
bugs		: tlb_mmatch apic_c1e fxsave_leak sysret_ss_attrs null_seg amd_e400 spectre_v1 spectre_v2
bogomips	: 5984.80
TLB size	: 1024 4K pages
clflush size	: 64
cache_alignment	: 64
address sizes	: 48 bits physical, 48 bits virtual
power management: ts ttp tm stc 100mhzsteps hwpstate

processor	: 1
vendor_id	: AuthenticAMD
cpu family	: 16
model		: 4
model name	: AMD Phenom(tm) II X4 B95 Processor
stepping	: 2
microcode	: 0x1000086
cpu MHz		: 3000.000
cache size	: 512 KB
physical id	: 0
siblings	: 4
core id		: 1
cpu cores	: 4
apicid		: 1
initial apicid	: 1
fpu		: yes
fpu_exception	: yes
cpuid level	: 5
wp		: yes
flags		: fpu vme de pse tsc msr pae mce cx8 apic sep mtrr pge mca cmov pat pse36 clflush mmx fxsr sse sse2 ht syscall nx mmxext fxsr_opt pdpe1gb rdtscp lm 3dnowext 3dnow constant_tsc rep_good nopl nonstop_tsc cpuid extd_apicid pni monitor cx16 popcnt lahf_lm cmp_legacy svm extapic cr8_legacy abm sse4a misalignsse 3dnowprefetch osvw ibs skinit wdt hw_pstate vmmcall npt lbrv svm_lock nrip_save
bugs		: tlb_mmatch apic_c1e fxsave_leak sysret_ss_attrs null_seg amd_e400 spectre_v1 spectre_v2
bogomips	: 5984.80
TLB size	: 1024 4K pages
clflush size	: 64
cache_alignment	: 64
address sizes	: 48 bits physical, 48 bits virtual
power management: ts ttp tm stc 100mhzsteps hwpstate

processor	: 2
vendor_id	: AuthenticAMD
cpu family	: 16
model		: 4
model name	: AMD Phenom(tm) II X4 B95 Processor
stepping	: 2
microcode	: 0x1000086
cpu MHz		: 3000.000
cache size	: 512 KB
physical id	: 0
siblings	: 4
core id		: 2
cpu cores	: 4
apicid		: 2
initial apicid	: 2
fpu		: yes
fpu_exception	: yes
cpuid level	: 5
wp		: yes
flags		: fpu vme de pse tsc msr pae mce cx8 apic sep mtrr pge mca cmov pat pse36 clflush mmx fxsr sse sse2 ht syscall nx mmxext fxsr_opt pdpe1gb rdtscp lm 3dnowext 3dnow constant_tsc rep_good nopl nonstop_tsc cpuid extd_apicid pni monitor cx16 popcnt lahf_lm cmp_legacy svm extapic cr8_legacy abm sse4a misalignsse 3dnowprefetch osvw ibs skinit wdt hw_pstate vmmcall npt lbrv svm_lock nrip_save
bugs		: tlb_mmatch apic_c1e fxsave_leak sysret_ss_attrs null_seg amd_e400 spectre_v1 spectre_v2
bogomips	: 5984.80
TLB size	: 1024 4K pages
clflush size	: 64
cache_alignment	: 64
address sizes	: 48 bits physical, 48 bits virtual
power management: ts ttp tm stc 100mhzsteps hwpstate

processor	: 3
vendor_id	: AuthenticAMD
cpu family	: 16
model		: 4
model name	: AMD Phenom(tm) II X4 B95 Processor
stepping	: 2
microcode	: 0x1000086
cpu MHz		: 3000.000
cache size	: 512 KB
physical id	: 0
siblings	: 4
core id		: 3
cpu cores	: 4
apicid		: 3
initial apicid	: 3
fpu		: yes
fpu_exception	: yes
cpuid level	: 5
wp		: yes
flags		: fpu vme de pse tsc msr pae mce cx8 apic sep mtrr pge mca cmov pat pse36 clflush mmx fxsr sse sse2 ht syscall nx mmxext fxsr_opt pdpe1gb rdtscp lm 3dnowext 3dnow constant_tsc rep_good nopl nonstop_tsc cpuid extd_apicid pni monitor cx16 popcnt lahf_lm cmp_legacy svm extapic cr8_legacy abm sse4a misalignsse 3dnowprefetch osvw ibs skinit wdt hw_pstate vmmcall npt lbrv svm_lock nrip_save
bugs		: tlb_mmatch apic_c1e fxsave_leak sysret_ss_attrs null_seg amd_e400 spectre_v1 spectre_v2
bogomips	: 5984.80
TLB size	: 1024 4K pages
clflush size	: 64
cache_alignment	: 64
address sizes	: 48 bits physical, 48 bits virtual
power management: ts ttp tm stc 100mhzsteps hwpstate



Memory: 4k page, physical 8164628k(544460k free), swap 2097148k(2097148k free)

vm_info: Java HotSpot(TM) 64-Bit Server VM (25.191-b12) for linux-amd64 JRE (1.8.0_191-b12), built on Oct  6 2018 05:43:09 by "java_re" with gcc 7.3.0

time: Wed Jan  2 14:56:15 2019
elapsed time: 5 seconds (0d 0h 0m 5s)

